[2023-10-03 00:09:46,307] {taskinstance.py:1179} INFO - Dependencies all met for <TaskInstance: consultar_info_covid_api.holis scheduled__2023-10-02T00:00:00+00:00 [queued]>
[2023-10-03 00:09:46,313] {taskinstance.py:1179} INFO - Dependencies all met for <TaskInstance: consultar_info_covid_api.holis scheduled__2023-10-02T00:00:00+00:00 [queued]>
[2023-10-03 00:09:46,314] {taskinstance.py:1376} INFO - 
--------------------------------------------------------------------------------
[2023-10-03 00:09:46,314] {taskinstance.py:1377} INFO - Starting attempt 3 of 8
[2023-10-03 00:09:46,315] {taskinstance.py:1378} INFO - 
--------------------------------------------------------------------------------
[2023-10-03 00:09:46,324] {taskinstance.py:1397} INFO - Executing <Task(PythonOperator): holis> on 2023-10-02 00:00:00+00:00
[2023-10-03 00:09:46,327] {standard_task_runner.py:52} INFO - Started process 193 to run task
[2023-10-03 00:09:46,328] {standard_task_runner.py:79} INFO - Running: ['***', 'tasks', 'run', 'consultar_info_covid_api', 'holis', 'scheduled__2023-10-02T00:00:00+00:00', '--job-id', '277', '--raw', '--subdir', 'DAGS_FOLDER/api_covid_prueba.py', '--cfg-path', '/tmp/tmpqo4fnjo3', '--error-file', '/tmp/tmpzih5rvc9']
[2023-10-03 00:09:46,329] {standard_task_runner.py:80} INFO - Job 277: Subtask holis
[2023-10-03 00:09:46,365] {task_command.py:371} INFO - Running <TaskInstance: consultar_info_covid_api.holis scheduled__2023-10-02T00:00:00+00:00 [running]> on host 5a08896b82e1
[2023-10-03 00:09:46,412] {taskinstance.py:1591} INFO - Exporting the following env vars:
AIRFLOW_CTX_DAG_OWNER=Axel Villegas Luna
AIRFLOW_CTX_DAG_ID=consultar_info_covid_api
AIRFLOW_CTX_TASK_ID=holis
AIRFLOW_CTX_EXECUTION_DATE=2023-10-02T00:00:00+00:00
AIRFLOW_CTX_TRY_NUMBER=3
AIRFLOW_CTX_DAG_RUN_ID=scheduled__2023-10-02T00:00:00+00:00
[2023-10-03 00:09:46,413] {logging_mixin.py:115} INFO - None
[2023-10-03 00:09:46,413] {logging_mixin.py:115} INFO - None
[2023-10-03 00:09:46,413] {logging_mixin.py:115} INFO - None
[2023-10-03 00:09:46,413] {logging_mixin.py:115} INFO - None
[2023-10-03 00:09:46,414] {logging_mixin.py:115} INFO - None
[2023-10-03 00:09:46,414] {python.py:173} INFO - Done. Returned value was: None
[2023-10-03 00:09:46,498] {taskinstance.py:1420} INFO - Marking task as SUCCESS. dag_id=consultar_info_covid_api, task_id=holis, execution_date=20231002T000000, start_date=20231003T000946, end_date=20231003T000946
[2023-10-03 00:09:46,540] {local_task_job.py:156} INFO - Task exited with return code 0
[2023-10-03 00:09:46,559] {local_task_job.py:273} INFO - 0 downstream tasks scheduled from follow-on schedule check
