[2023-10-03 00:02:47,299] {taskinstance.py:1179} INFO - Dependencies all met for <TaskInstance: consultar_info_covid_api.holis scheduled__2023-10-02T00:00:00+00:00 [queued]>
[2023-10-03 00:02:47,306] {taskinstance.py:1179} INFO - Dependencies all met for <TaskInstance: consultar_info_covid_api.holis scheduled__2023-10-02T00:00:00+00:00 [queued]>
[2023-10-03 00:02:47,306] {taskinstance.py:1376} INFO - 
--------------------------------------------------------------------------------
[2023-10-03 00:02:47,306] {taskinstance.py:1377} INFO - Starting attempt 1 of 6
[2023-10-03 00:02:47,307] {taskinstance.py:1378} INFO - 
--------------------------------------------------------------------------------
[2023-10-03 00:02:47,318] {taskinstance.py:1397} INFO - Executing <Task(PythonOperator): holis> on 2023-10-02 00:00:00+00:00
[2023-10-03 00:02:47,321] {standard_task_runner.py:52} INFO - Started process 197 to run task
[2023-10-03 00:02:47,323] {standard_task_runner.py:79} INFO - Running: ['***', 'tasks', 'run', 'consultar_info_covid_api', 'holis', 'scheduled__2023-10-02T00:00:00+00:00', '--job-id', '273', '--raw', '--subdir', 'DAGS_FOLDER/api_covid_prueba.py', '--cfg-path', '/tmp/tmpc8sxigcx', '--error-file', '/tmp/tmp75xberhz']
[2023-10-03 00:02:47,324] {standard_task_runner.py:80} INFO - Job 273: Subtask holis
[2023-10-03 00:02:47,359] {task_command.py:371} INFO - Running <TaskInstance: consultar_info_covid_api.holis scheduled__2023-10-02T00:00:00+00:00 [running]> on host 43e21c754371
[2023-10-03 00:02:47,405] {taskinstance.py:1591} INFO - Exporting the following env vars:
AIRFLOW_CTX_DAG_OWNER=Axel Villegas Luna
AIRFLOW_CTX_DAG_ID=consultar_info_covid_api
AIRFLOW_CTX_TASK_ID=holis
AIRFLOW_CTX_EXECUTION_DATE=2023-10-02T00:00:00+00:00
AIRFLOW_CTX_TRY_NUMBER=1
AIRFLOW_CTX_DAG_RUN_ID=scheduled__2023-10-02T00:00:00+00:00
[2023-10-03 00:02:47,405] {logging_mixin.py:115} INFO - None
[2023-10-03 00:02:47,406] {logging_mixin.py:115} INFO - None
[2023-10-03 00:02:47,406] {logging_mixin.py:115} INFO - None
[2023-10-03 00:02:47,406] {logging_mixin.py:115} INFO - None
[2023-10-03 00:02:47,406] {logging_mixin.py:115} INFO - None
[2023-10-03 00:02:47,406] {python.py:173} INFO - Done. Returned value was: None
[2023-10-03 00:02:47,413] {taskinstance.py:1420} INFO - Marking task as SUCCESS. dag_id=consultar_info_covid_api, task_id=holis, execution_date=20231002T000000, start_date=20231003T000247, end_date=20231003T000247
[2023-10-03 00:02:47,454] {local_task_job.py:156} INFO - Task exited with return code 0
[2023-10-03 00:02:47,486] {local_task_job.py:273} INFO - 0 downstream tasks scheduled from follow-on schedule check
