[2023-10-03 00:06:33,019] {taskinstance.py:1179} INFO - Dependencies all met for <TaskInstance: consultar_info_covid_api.holis scheduled__2023-10-02T00:00:00+00:00 [queued]>
[2023-10-03 00:06:33,024] {taskinstance.py:1179} INFO - Dependencies all met for <TaskInstance: consultar_info_covid_api.holis scheduled__2023-10-02T00:00:00+00:00 [queued]>
[2023-10-03 00:06:33,025] {taskinstance.py:1376} INFO - 
--------------------------------------------------------------------------------
[2023-10-03 00:06:33,025] {taskinstance.py:1377} INFO - Starting attempt 2 of 7
[2023-10-03 00:06:33,025] {taskinstance.py:1378} INFO - 
--------------------------------------------------------------------------------
[2023-10-03 00:06:33,035] {taskinstance.py:1397} INFO - Executing <Task(PythonOperator): holis> on 2023-10-02 00:00:00+00:00
[2023-10-03 00:06:33,037] {standard_task_runner.py:52} INFO - Started process 194 to run task
[2023-10-03 00:06:33,038] {standard_task_runner.py:79} INFO - Running: ['***', 'tasks', 'run', 'consultar_info_covid_api', 'holis', 'scheduled__2023-10-02T00:00:00+00:00', '--job-id', '275', '--raw', '--subdir', 'DAGS_FOLDER/api_covid_prueba.py', '--cfg-path', '/tmp/tmprv4ezscf', '--error-file', '/tmp/tmphcy8vxt1']
[2023-10-03 00:06:33,039] {standard_task_runner.py:80} INFO - Job 275: Subtask holis
[2023-10-03 00:06:33,076] {task_command.py:371} INFO - Running <TaskInstance: consultar_info_covid_api.holis scheduled__2023-10-02T00:00:00+00:00 [running]> on host 43e21c754371
[2023-10-03 00:06:33,119] {taskinstance.py:1591} INFO - Exporting the following env vars:
AIRFLOW_CTX_DAG_OWNER=Axel Villegas Luna
AIRFLOW_CTX_DAG_ID=consultar_info_covid_api
AIRFLOW_CTX_TASK_ID=holis
AIRFLOW_CTX_EXECUTION_DATE=2023-10-02T00:00:00+00:00
AIRFLOW_CTX_TRY_NUMBER=2
AIRFLOW_CTX_DAG_RUN_ID=scheduled__2023-10-02T00:00:00+00:00
[2023-10-03 00:06:33,120] {logging_mixin.py:115} INFO - None
[2023-10-03 00:06:33,120] {logging_mixin.py:115} INFO - None
[2023-10-03 00:06:33,120] {logging_mixin.py:115} INFO - None
[2023-10-03 00:06:33,121] {logging_mixin.py:115} INFO - None
[2023-10-03 00:06:33,121] {logging_mixin.py:115} INFO - None
[2023-10-03 00:06:33,121] {python.py:173} INFO - Done. Returned value was: None
[2023-10-03 00:06:33,128] {taskinstance.py:1420} INFO - Marking task as SUCCESS. dag_id=consultar_info_covid_api, task_id=holis, execution_date=20231002T000000, start_date=20231003T000633, end_date=20231003T000633
[2023-10-03 00:06:33,170] {local_task_job.py:156} INFO - Task exited with return code 0
[2023-10-03 00:06:33,189] {local_task_job.py:273} INFO - 0 downstream tasks scheduled from follow-on schedule check
