[2023-10-12 22:27:18,016] {taskinstance.py:1179} INFO - Dependencies all met for <TaskInstance: consultar_info_covid_api.update_param_redshift scheduled__2023-10-06T00:00:00+00:00 [queued]>
[2023-10-12 22:27:18,023] {taskinstance.py:1179} INFO - Dependencies all met for <TaskInstance: consultar_info_covid_api.update_param_redshift scheduled__2023-10-06T00:00:00+00:00 [queued]>
[2023-10-12 22:27:18,024] {taskinstance.py:1376} INFO - 
--------------------------------------------------------------------------------
[2023-10-12 22:27:18,024] {taskinstance.py:1377} INFO - Starting attempt 1 of 6
[2023-10-12 22:27:18,024] {taskinstance.py:1378} INFO - 
--------------------------------------------------------------------------------
[2023-10-12 22:27:18,035] {taskinstance.py:1397} INFO - Executing <Task(PythonOperator): update_param_redshift> on 2023-10-06 00:00:00+00:00
[2023-10-12 22:27:18,039] {standard_task_runner.py:52} INFO - Started process 331 to run task
[2023-10-12 22:27:18,040] {standard_task_runner.py:79} INFO - Running: ['***', 'tasks', 'run', 'consultar_info_covid_api', 'update_param_redshift', 'scheduled__2023-10-06T00:00:00+00:00', '--job-id', '332', '--raw', '--subdir', 'DAGS_FOLDER/api_covid.py', '--cfg-path', '/tmp/tmpuphh3qyj', '--error-file', '/tmp/tmpshujd2_r']
[2023-10-12 22:27:18,041] {standard_task_runner.py:80} INFO - Job 332: Subtask update_param_redshift
[2023-10-12 22:27:18,080] {task_command.py:371} INFO - Running <TaskInstance: consultar_info_covid_api.update_param_redshift scheduled__2023-10-06T00:00:00+00:00 [running]> on host c3b9dbaf4cf7
[2023-10-12 22:27:18,125] {taskinstance.py:1591} INFO - Exporting the following env vars:
AIRFLOW_CTX_DAG_OWNER=Axel Villegas Luna
AIRFLOW_CTX_DAG_ID=consultar_info_covid_api
AIRFLOW_CTX_TASK_ID=update_param_redshift
AIRFLOW_CTX_EXECUTION_DATE=2023-10-06T00:00:00+00:00
AIRFLOW_CTX_TRY_NUMBER=1
AIRFLOW_CTX_DAG_RUN_ID=scheduled__2023-10-06T00:00:00+00:00
[2023-10-12 22:27:19,782] {python.py:173} INFO - Done. Returned value was: None
[2023-10-12 22:27:19,791] {taskinstance.py:1420} INFO - Marking task as SUCCESS. dag_id=consultar_info_covid_api, task_id=update_param_redshift, execution_date=20231006T000000, start_date=20231012T222718, end_date=20231012T222719
[2023-10-12 22:27:19,815] {local_task_job.py:156} INFO - Task exited with return code 0
[2023-10-12 22:27:19,836] {local_task_job.py:273} INFO - 0 downstream tasks scheduled from follow-on schedule check
