[2023-10-12 22:24:53,359] {taskinstance.py:1179} INFO - Dependencies all met for <TaskInstance: consultar_info_covid_api.load_data_redshift scheduled__2023-10-03T00:00:00+00:00 [queued]>
[2023-10-12 22:24:53,366] {taskinstance.py:1179} INFO - Dependencies all met for <TaskInstance: consultar_info_covid_api.load_data_redshift scheduled__2023-10-03T00:00:00+00:00 [queued]>
[2023-10-12 22:24:53,366] {taskinstance.py:1376} INFO - 
--------------------------------------------------------------------------------
[2023-10-12 22:24:53,367] {taskinstance.py:1377} INFO - Starting attempt 1 of 6
[2023-10-12 22:24:53,367] {taskinstance.py:1378} INFO - 
--------------------------------------------------------------------------------
[2023-10-12 22:24:53,381] {taskinstance.py:1397} INFO - Executing <Task(PythonOperator): load_data_redshift> on 2023-10-03 00:00:00+00:00
[2023-10-12 22:24:53,387] {standard_task_runner.py:52} INFO - Started process 230 to run task
[2023-10-12 22:24:53,389] {standard_task_runner.py:79} INFO - Running: ['***', 'tasks', 'run', 'consultar_info_covid_api', 'load_data_redshift', 'scheduled__2023-10-03T00:00:00+00:00', '--job-id', '321', '--raw', '--subdir', 'DAGS_FOLDER/api_covid.py', '--cfg-path', '/tmp/tmpm_944rfx', '--error-file', '/tmp/tmpuc_aj393']
[2023-10-12 22:24:53,390] {standard_task_runner.py:80} INFO - Job 321: Subtask load_data_redshift
[2023-10-12 22:24:53,440] {task_command.py:371} INFO - Running <TaskInstance: consultar_info_covid_api.load_data_redshift scheduled__2023-10-03T00:00:00+00:00 [running]> on host c3b9dbaf4cf7
[2023-10-12 22:24:53,495] {taskinstance.py:1591} INFO - Exporting the following env vars:
AIRFLOW_CTX_DAG_OWNER=Axel Villegas Luna
AIRFLOW_CTX_DAG_ID=consultar_info_covid_api
AIRFLOW_CTX_TASK_ID=load_data_redshift
AIRFLOW_CTX_EXECUTION_DATE=2023-10-03T00:00:00+00:00
AIRFLOW_CTX_TRY_NUMBER=1
AIRFLOW_CTX_DAG_RUN_ID=scheduled__2023-10-03T00:00:00+00:00
[2023-10-12 22:27:12,606] {python.py:173} INFO - Done. Returned value was: None
[2023-10-12 22:27:12,616] {taskinstance.py:1420} INFO - Marking task as SUCCESS. dag_id=consultar_info_covid_api, task_id=load_data_redshift, execution_date=20231003T000000, start_date=20231012T222453, end_date=20231012T222712
[2023-10-12 22:27:12,653] {local_task_job.py:156} INFO - Task exited with return code 0
[2023-10-12 22:27:12,673] {local_task_job.py:273} INFO - 1 downstream tasks scheduled from follow-on schedule check
