[2023-10-03 00:19:50,281] {taskinstance.py:1179} INFO - Dependencies all met for <TaskInstance: consultar_info_covid_api.create_table_redshift scheduled__2023-10-02T00:00:00+00:00 [queued]>
[2023-10-03 00:19:50,286] {taskinstance.py:1179} INFO - Dependencies all met for <TaskInstance: consultar_info_covid_api.create_table_redshift scheduled__2023-10-02T00:00:00+00:00 [queued]>
[2023-10-03 00:19:50,287] {taskinstance.py:1376} INFO - 
--------------------------------------------------------------------------------
[2023-10-03 00:19:50,287] {taskinstance.py:1377} INFO - Starting attempt 1 of 6
[2023-10-03 00:19:50,287] {taskinstance.py:1378} INFO - 
--------------------------------------------------------------------------------
[2023-10-03 00:19:50,297] {taskinstance.py:1397} INFO - Executing <Task(PythonOperator): create_table_redshift> on 2023-10-02 00:00:00+00:00
[2023-10-03 00:19:50,300] {standard_task_runner.py:52} INFO - Started process 218 to run task
[2023-10-03 00:19:50,301] {standard_task_runner.py:79} INFO - Running: ['***', 'tasks', 'run', 'consultar_info_covid_api', 'create_table_redshift', 'scheduled__2023-10-02T00:00:00+00:00', '--job-id', '282', '--raw', '--subdir', 'DAGS_FOLDER/api_covid.py', '--cfg-path', '/tmp/tmp81h5ny0j', '--error-file', '/tmp/tmptjpw0eee']
[2023-10-03 00:19:50,301] {standard_task_runner.py:80} INFO - Job 282: Subtask create_table_redshift
[2023-10-03 00:19:50,334] {task_command.py:371} INFO - Running <TaskInstance: consultar_info_covid_api.create_table_redshift scheduled__2023-10-02T00:00:00+00:00 [running]> on host f57de557d52a
[2023-10-03 00:19:50,377] {taskinstance.py:1591} INFO - Exporting the following env vars:
AIRFLOW_CTX_DAG_OWNER=Axel Villegas Luna
AIRFLOW_CTX_DAG_ID=consultar_info_covid_api
AIRFLOW_CTX_TASK_ID=create_table_redshift
AIRFLOW_CTX_EXECUTION_DATE=2023-10-02T00:00:00+00:00
AIRFLOW_CTX_TRY_NUMBER=1
AIRFLOW_CTX_DAG_RUN_ID=scheduled__2023-10-02T00:00:00+00:00
[2023-10-03 00:19:52,008] {python.py:173} INFO - Done. Returned value was: None
[2023-10-03 00:19:52,016] {taskinstance.py:1420} INFO - Marking task as SUCCESS. dag_id=consultar_info_covid_api, task_id=create_table_redshift, execution_date=20231002T000000, start_date=20231003T001950, end_date=20231003T001952
[2023-10-03 00:19:52,036] {local_task_job.py:156} INFO - Task exited with return code 0
[2023-10-03 00:19:52,060] {local_task_job.py:273} INFO - 1 downstream tasks scheduled from follow-on schedule check
