[2023-10-03 00:02:35,817] {processor.py:153} INFO - Started process (PID=177) to work on /opt/airflow/dags/api_covid_prueba.py
[2023-10-03 00:02:35,817] {processor.py:641} INFO - Processing file /opt/airflow/dags/api_covid_prueba.py for tasks to queue
[2023-10-03 00:02:35,818] {logging_mixin.py:115} INFO - [2023-10-03 00:02:35,818] {dagbag.py:508} INFO - Filling up the DagBag from /opt/airflow/dags/api_covid_prueba.py
[2023-10-03 00:02:36,045] {processor.py:651} INFO - DAG(s) dict_keys(['consultar_info_covid_api']) retrieved from /opt/airflow/dags/api_covid_prueba.py
[2023-10-03 00:02:36,078] {logging_mixin.py:115} INFO - [2023-10-03 00:02:36,078] {dag.py:2420} INFO - Sync 1 DAGs
[2023-10-03 00:02:36,090] {logging_mixin.py:115} INFO - [2023-10-03 00:02:36,090] {dag.py:2972} INFO - Setting next_dagrun for consultar_info_covid_api to 2023-09-30T00:00:00+00:00, run_after=2023-10-01T00:00:00+00:00
[2023-10-03 00:02:36,108] {processor.py:161} INFO - Processing /opt/airflow/dags/api_covid_prueba.py took 0.292 seconds
[2023-10-03 00:02:46,150] {processor.py:153} INFO - Started process (PID=183) to work on /opt/airflow/dags/api_covid_prueba.py
[2023-10-03 00:02:46,151] {processor.py:641} INFO - Processing file /opt/airflow/dags/api_covid_prueba.py for tasks to queue
[2023-10-03 00:02:46,151] {logging_mixin.py:115} INFO - [2023-10-03 00:02:46,151] {dagbag.py:508} INFO - Filling up the DagBag from /opt/airflow/dags/api_covid_prueba.py
[2023-10-03 00:02:46,356] {processor.py:651} INFO - DAG(s) dict_keys(['consultar_info_covid_api']) retrieved from /opt/airflow/dags/api_covid_prueba.py
[2023-10-03 00:02:46,362] {logging_mixin.py:115} INFO - [2023-10-03 00:02:46,362] {dag.py:2420} INFO - Sync 1 DAGs
[2023-10-03 00:02:46,373] {logging_mixin.py:115} INFO - [2023-10-03 00:02:46,373] {dag.py:2972} INFO - Setting next_dagrun for consultar_info_covid_api to 2023-09-30T00:00:00+00:00, run_after=2023-10-01T00:00:00+00:00
[2023-10-03 00:02:46,382] {processor.py:161} INFO - Processing /opt/airflow/dags/api_covid_prueba.py took 0.233 seconds
[2023-10-03 00:02:56,422] {processor.py:153} INFO - Started process (PID=198) to work on /opt/airflow/dags/api_covid_prueba.py
[2023-10-03 00:02:56,422] {processor.py:641} INFO - Processing file /opt/airflow/dags/api_covid_prueba.py for tasks to queue
[2023-10-03 00:02:56,422] {logging_mixin.py:115} INFO - [2023-10-03 00:02:56,422] {dagbag.py:508} INFO - Filling up the DagBag from /opt/airflow/dags/api_covid_prueba.py
[2023-10-03 00:02:56,618] {processor.py:651} INFO - DAG(s) dict_keys(['consultar_info_covid_api']) retrieved from /opt/airflow/dags/api_covid_prueba.py
[2023-10-03 00:02:56,624] {logging_mixin.py:115} INFO - [2023-10-03 00:02:56,624] {dag.py:2420} INFO - Sync 1 DAGs
[2023-10-03 00:02:56,635] {logging_mixin.py:115} INFO - [2023-10-03 00:02:56,635] {dag.py:2972} INFO - Setting next_dagrun for consultar_info_covid_api to 2023-10-03T00:00:00+00:00, run_after=2023-10-04T00:00:00+00:00
[2023-10-03 00:02:56,643] {processor.py:161} INFO - Processing /opt/airflow/dags/api_covid_prueba.py took 0.223 seconds
[2023-10-03 00:03:06,681] {processor.py:153} INFO - Started process (PID=204) to work on /opt/airflow/dags/api_covid_prueba.py
[2023-10-03 00:03:06,681] {processor.py:641} INFO - Processing file /opt/airflow/dags/api_covid_prueba.py for tasks to queue
[2023-10-03 00:03:06,681] {logging_mixin.py:115} INFO - [2023-10-03 00:03:06,681] {dagbag.py:508} INFO - Filling up the DagBag from /opt/airflow/dags/api_covid_prueba.py
[2023-10-03 00:03:06,877] {processor.py:651} INFO - DAG(s) dict_keys(['consultar_info_covid_api']) retrieved from /opt/airflow/dags/api_covid_prueba.py
[2023-10-03 00:03:06,887] {logging_mixin.py:115} INFO - [2023-10-03 00:03:06,887] {dag.py:2420} INFO - Sync 1 DAGs
[2023-10-03 00:03:06,898] {logging_mixin.py:115} INFO - [2023-10-03 00:03:06,897] {dag.py:2972} INFO - Setting next_dagrun for consultar_info_covid_api to 2023-10-03T00:00:00+00:00, run_after=2023-10-04T00:00:00+00:00
[2023-10-03 00:03:06,906] {processor.py:161} INFO - Processing /opt/airflow/dags/api_covid_prueba.py took 0.226 seconds
[2023-10-03 00:03:16,945] {processor.py:153} INFO - Started process (PID=210) to work on /opt/airflow/dags/api_covid_prueba.py
[2023-10-03 00:03:16,946] {processor.py:641} INFO - Processing file /opt/airflow/dags/api_covid_prueba.py for tasks to queue
[2023-10-03 00:03:16,946] {logging_mixin.py:115} INFO - [2023-10-03 00:03:16,946] {dagbag.py:508} INFO - Filling up the DagBag from /opt/airflow/dags/api_covid_prueba.py
[2023-10-03 00:03:17,142] {processor.py:651} INFO - DAG(s) dict_keys(['consultar_info_covid_api']) retrieved from /opt/airflow/dags/api_covid_prueba.py
[2023-10-03 00:03:17,152] {logging_mixin.py:115} INFO - [2023-10-03 00:03:17,152] {dag.py:2420} INFO - Sync 1 DAGs
[2023-10-03 00:03:17,163] {logging_mixin.py:115} INFO - [2023-10-03 00:03:17,163] {dag.py:2972} INFO - Setting next_dagrun for consultar_info_covid_api to 2023-10-03T00:00:00+00:00, run_after=2023-10-04T00:00:00+00:00
[2023-10-03 00:03:17,171] {processor.py:161} INFO - Processing /opt/airflow/dags/api_covid_prueba.py took 0.227 seconds
[2023-10-03 00:03:27,210] {processor.py:153} INFO - Started process (PID=216) to work on /opt/airflow/dags/api_covid_prueba.py
[2023-10-03 00:03:27,211] {processor.py:641} INFO - Processing file /opt/airflow/dags/api_covid_prueba.py for tasks to queue
[2023-10-03 00:03:27,211] {logging_mixin.py:115} INFO - [2023-10-03 00:03:27,211] {dagbag.py:508} INFO - Filling up the DagBag from /opt/airflow/dags/api_covid_prueba.py
[2023-10-03 00:03:27,405] {processor.py:651} INFO - DAG(s) dict_keys(['consultar_info_covid_api']) retrieved from /opt/airflow/dags/api_covid_prueba.py
[2023-10-03 00:03:27,415] {logging_mixin.py:115} INFO - [2023-10-03 00:03:27,415] {dag.py:2420} INFO - Sync 1 DAGs
[2023-10-03 00:03:27,428] {logging_mixin.py:115} INFO - [2023-10-03 00:03:27,428] {dag.py:2972} INFO - Setting next_dagrun for consultar_info_covid_api to 2023-10-03T00:00:00+00:00, run_after=2023-10-04T00:00:00+00:00
[2023-10-03 00:03:27,437] {processor.py:161} INFO - Processing /opt/airflow/dags/api_covid_prueba.py took 0.228 seconds
[2023-10-03 00:03:37,546] {processor.py:153} INFO - Started process (PID=222) to work on /opt/airflow/dags/api_covid_prueba.py
[2023-10-03 00:03:37,546] {processor.py:641} INFO - Processing file /opt/airflow/dags/api_covid_prueba.py for tasks to queue
[2023-10-03 00:03:37,547] {logging_mixin.py:115} INFO - [2023-10-03 00:03:37,547] {dagbag.py:508} INFO - Filling up the DagBag from /opt/airflow/dags/api_covid_prueba.py
[2023-10-03 00:03:37,787] {processor.py:651} INFO - DAG(s) dict_keys(['consultar_info_covid_api']) retrieved from /opt/airflow/dags/api_covid_prueba.py
[2023-10-03 00:03:37,798] {logging_mixin.py:115} INFO - [2023-10-03 00:03:37,798] {dag.py:2420} INFO - Sync 1 DAGs
[2023-10-03 00:03:37,809] {logging_mixin.py:115} INFO - [2023-10-03 00:03:37,809] {dag.py:2972} INFO - Setting next_dagrun for consultar_info_covid_api to 2023-10-03T00:00:00+00:00, run_after=2023-10-04T00:00:00+00:00
[2023-10-03 00:03:37,817] {processor.py:161} INFO - Processing /opt/airflow/dags/api_covid_prueba.py took 0.273 seconds
[2023-10-03 00:03:47,861] {processor.py:153} INFO - Started process (PID=228) to work on /opt/airflow/dags/api_covid_prueba.py
[2023-10-03 00:03:47,861] {processor.py:641} INFO - Processing file /opt/airflow/dags/api_covid_prueba.py for tasks to queue
[2023-10-03 00:03:47,862] {logging_mixin.py:115} INFO - [2023-10-03 00:03:47,862] {dagbag.py:508} INFO - Filling up the DagBag from /opt/airflow/dags/api_covid_prueba.py
[2023-10-03 00:03:48,101] {processor.py:651} INFO - DAG(s) dict_keys(['consultar_info_covid_api']) retrieved from /opt/airflow/dags/api_covid_prueba.py
[2023-10-03 00:03:48,111] {logging_mixin.py:115} INFO - [2023-10-03 00:03:48,111] {dag.py:2420} INFO - Sync 1 DAGs
[2023-10-03 00:03:48,122] {logging_mixin.py:115} INFO - [2023-10-03 00:03:48,122] {dag.py:2972} INFO - Setting next_dagrun for consultar_info_covid_api to 2023-10-03T00:00:00+00:00, run_after=2023-10-04T00:00:00+00:00
[2023-10-03 00:03:48,130] {processor.py:161} INFO - Processing /opt/airflow/dags/api_covid_prueba.py took 0.271 seconds
[2023-10-03 00:03:58,168] {processor.py:153} INFO - Started process (PID=234) to work on /opt/airflow/dags/api_covid_prueba.py
[2023-10-03 00:03:58,169] {processor.py:641} INFO - Processing file /opt/airflow/dags/api_covid_prueba.py for tasks to queue
[2023-10-03 00:03:58,169] {logging_mixin.py:115} INFO - [2023-10-03 00:03:58,169] {dagbag.py:508} INFO - Filling up the DagBag from /opt/airflow/dags/api_covid_prueba.py
[2023-10-03 00:03:58,377] {processor.py:651} INFO - DAG(s) dict_keys(['consultar_info_covid_api']) retrieved from /opt/airflow/dags/api_covid_prueba.py
[2023-10-03 00:03:58,387] {logging_mixin.py:115} INFO - [2023-10-03 00:03:58,387] {dag.py:2420} INFO - Sync 1 DAGs
[2023-10-03 00:03:58,398] {logging_mixin.py:115} INFO - [2023-10-03 00:03:58,398] {dag.py:2972} INFO - Setting next_dagrun for consultar_info_covid_api to 2023-10-03T00:00:00+00:00, run_after=2023-10-04T00:00:00+00:00
[2023-10-03 00:03:58,406] {processor.py:161} INFO - Processing /opt/airflow/dags/api_covid_prueba.py took 0.239 seconds
[2023-10-03 00:04:08,448] {processor.py:153} INFO - Started process (PID=240) to work on /opt/airflow/dags/api_covid_prueba.py
[2023-10-03 00:04:08,448] {processor.py:641} INFO - Processing file /opt/airflow/dags/api_covid_prueba.py for tasks to queue
[2023-10-03 00:04:08,449] {logging_mixin.py:115} INFO - [2023-10-03 00:04:08,449] {dagbag.py:508} INFO - Filling up the DagBag from /opt/airflow/dags/api_covid_prueba.py
[2023-10-03 00:04:08,656] {processor.py:651} INFO - DAG(s) dict_keys(['consultar_info_covid_api']) retrieved from /opt/airflow/dags/api_covid_prueba.py
[2023-10-03 00:04:08,667] {logging_mixin.py:115} INFO - [2023-10-03 00:04:08,667] {dag.py:2420} INFO - Sync 1 DAGs
[2023-10-03 00:04:08,678] {logging_mixin.py:115} INFO - [2023-10-03 00:04:08,678] {dag.py:2972} INFO - Setting next_dagrun for consultar_info_covid_api to 2023-10-03T00:00:00+00:00, run_after=2023-10-04T00:00:00+00:00
[2023-10-03 00:04:08,686] {processor.py:161} INFO - Processing /opt/airflow/dags/api_covid_prueba.py took 0.240 seconds
[2023-10-03 00:04:18,726] {processor.py:153} INFO - Started process (PID=246) to work on /opt/airflow/dags/api_covid_prueba.py
[2023-10-03 00:04:18,726] {processor.py:641} INFO - Processing file /opt/airflow/dags/api_covid_prueba.py for tasks to queue
[2023-10-03 00:04:18,727] {logging_mixin.py:115} INFO - [2023-10-03 00:04:18,727] {dagbag.py:508} INFO - Filling up the DagBag from /opt/airflow/dags/api_covid_prueba.py
[2023-10-03 00:04:18,937] {processor.py:651} INFO - DAG(s) dict_keys(['consultar_info_covid_api']) retrieved from /opt/airflow/dags/api_covid_prueba.py
[2023-10-03 00:04:18,947] {logging_mixin.py:115} INFO - [2023-10-03 00:04:18,947] {dag.py:2420} INFO - Sync 1 DAGs
[2023-10-03 00:04:18,958] {logging_mixin.py:115} INFO - [2023-10-03 00:04:18,958] {dag.py:2972} INFO - Setting next_dagrun for consultar_info_covid_api to 2023-10-03T00:00:00+00:00, run_after=2023-10-04T00:00:00+00:00
[2023-10-03 00:04:18,967] {processor.py:161} INFO - Processing /opt/airflow/dags/api_covid_prueba.py took 0.242 seconds
[2023-10-03 00:04:29,009] {processor.py:153} INFO - Started process (PID=252) to work on /opt/airflow/dags/api_covid_prueba.py
[2023-10-03 00:04:29,009] {processor.py:641} INFO - Processing file /opt/airflow/dags/api_covid_prueba.py for tasks to queue
[2023-10-03 00:04:29,010] {logging_mixin.py:115} INFO - [2023-10-03 00:04:29,010] {dagbag.py:508} INFO - Filling up the DagBag from /opt/airflow/dags/api_covid_prueba.py
[2023-10-03 00:04:29,232] {processor.py:651} INFO - DAG(s) dict_keys(['consultar_info_covid_api']) retrieved from /opt/airflow/dags/api_covid_prueba.py
[2023-10-03 00:04:29,243] {logging_mixin.py:115} INFO - [2023-10-03 00:04:29,243] {dag.py:2420} INFO - Sync 1 DAGs
[2023-10-03 00:04:29,255] {logging_mixin.py:115} INFO - [2023-10-03 00:04:29,255] {dag.py:2972} INFO - Setting next_dagrun for consultar_info_covid_api to 2023-10-03T00:00:00+00:00, run_after=2023-10-04T00:00:00+00:00
[2023-10-03 00:04:29,264] {processor.py:161} INFO - Processing /opt/airflow/dags/api_covid_prueba.py took 0.256 seconds
[2023-10-03 00:04:39,308] {processor.py:153} INFO - Started process (PID=258) to work on /opt/airflow/dags/api_covid_prueba.py
[2023-10-03 00:04:39,308] {processor.py:641} INFO - Processing file /opt/airflow/dags/api_covid_prueba.py for tasks to queue
[2023-10-03 00:04:39,309] {logging_mixin.py:115} INFO - [2023-10-03 00:04:39,309] {dagbag.py:508} INFO - Filling up the DagBag from /opt/airflow/dags/api_covid_prueba.py
[2023-10-03 00:04:39,524] {processor.py:651} INFO - DAG(s) dict_keys(['consultar_info_covid_api']) retrieved from /opt/airflow/dags/api_covid_prueba.py
[2023-10-03 00:04:39,534] {logging_mixin.py:115} INFO - [2023-10-03 00:04:39,533] {dag.py:2420} INFO - Sync 1 DAGs
[2023-10-03 00:04:39,544] {logging_mixin.py:115} INFO - [2023-10-03 00:04:39,544] {dag.py:2972} INFO - Setting next_dagrun for consultar_info_covid_api to 2023-10-03T00:00:00+00:00, run_after=2023-10-04T00:00:00+00:00
[2023-10-03 00:04:39,553] {processor.py:161} INFO - Processing /opt/airflow/dags/api_covid_prueba.py took 0.246 seconds
[2023-10-03 00:04:49,592] {processor.py:153} INFO - Started process (PID=264) to work on /opt/airflow/dags/api_covid_prueba.py
[2023-10-03 00:04:49,593] {processor.py:641} INFO - Processing file /opt/airflow/dags/api_covid_prueba.py for tasks to queue
[2023-10-03 00:04:49,593] {logging_mixin.py:115} INFO - [2023-10-03 00:04:49,593] {dagbag.py:508} INFO - Filling up the DagBag from /opt/airflow/dags/api_covid_prueba.py
[2023-10-03 00:04:49,793] {processor.py:651} INFO - DAG(s) dict_keys(['consultar_info_covid_api']) retrieved from /opt/airflow/dags/api_covid_prueba.py
[2023-10-03 00:04:49,803] {logging_mixin.py:115} INFO - [2023-10-03 00:04:49,803] {dag.py:2420} INFO - Sync 1 DAGs
[2023-10-03 00:04:49,814] {logging_mixin.py:115} INFO - [2023-10-03 00:04:49,814] {dag.py:2972} INFO - Setting next_dagrun for consultar_info_covid_api to 2023-10-03T00:00:00+00:00, run_after=2023-10-04T00:00:00+00:00
[2023-10-03 00:04:49,822] {processor.py:161} INFO - Processing /opt/airflow/dags/api_covid_prueba.py took 0.231 seconds
[2023-10-03 00:04:59,863] {processor.py:153} INFO - Started process (PID=270) to work on /opt/airflow/dags/api_covid_prueba.py
[2023-10-03 00:04:59,864] {processor.py:641} INFO - Processing file /opt/airflow/dags/api_covid_prueba.py for tasks to queue
[2023-10-03 00:04:59,864] {logging_mixin.py:115} INFO - [2023-10-03 00:04:59,864] {dagbag.py:508} INFO - Filling up the DagBag from /opt/airflow/dags/api_covid_prueba.py
[2023-10-03 00:05:00,063] {processor.py:651} INFO - DAG(s) dict_keys(['consultar_info_covid_api']) retrieved from /opt/airflow/dags/api_covid_prueba.py
[2023-10-03 00:05:00,073] {logging_mixin.py:115} INFO - [2023-10-03 00:05:00,073] {dag.py:2420} INFO - Sync 1 DAGs
[2023-10-03 00:05:00,084] {logging_mixin.py:115} INFO - [2023-10-03 00:05:00,084] {dag.py:2972} INFO - Setting next_dagrun for consultar_info_covid_api to 2023-10-03T00:00:00+00:00, run_after=2023-10-04T00:00:00+00:00
[2023-10-03 00:05:00,092] {processor.py:161} INFO - Processing /opt/airflow/dags/api_covid_prueba.py took 0.230 seconds
[2023-10-03 00:05:10,132] {processor.py:153} INFO - Started process (PID=276) to work on /opt/airflow/dags/api_covid_prueba.py
[2023-10-03 00:05:10,132] {processor.py:641} INFO - Processing file /opt/airflow/dags/api_covid_prueba.py for tasks to queue
[2023-10-03 00:05:10,133] {logging_mixin.py:115} INFO - [2023-10-03 00:05:10,133] {dagbag.py:508} INFO - Filling up the DagBag from /opt/airflow/dags/api_covid_prueba.py
[2023-10-03 00:05:10,342] {processor.py:651} INFO - DAG(s) dict_keys(['consultar_info_covid_api']) retrieved from /opt/airflow/dags/api_covid_prueba.py
[2023-10-03 00:05:10,352] {logging_mixin.py:115} INFO - [2023-10-03 00:05:10,352] {dag.py:2420} INFO - Sync 1 DAGs
[2023-10-03 00:05:10,363] {logging_mixin.py:115} INFO - [2023-10-03 00:05:10,363] {dag.py:2972} INFO - Setting next_dagrun for consultar_info_covid_api to 2023-10-03T00:00:00+00:00, run_after=2023-10-04T00:00:00+00:00
[2023-10-03 00:05:10,371] {processor.py:161} INFO - Processing /opt/airflow/dags/api_covid_prueba.py took 0.240 seconds
[2023-10-03 00:05:20,412] {processor.py:153} INFO - Started process (PID=282) to work on /opt/airflow/dags/api_covid_prueba.py
[2023-10-03 00:05:20,412] {processor.py:641} INFO - Processing file /opt/airflow/dags/api_covid_prueba.py for tasks to queue
[2023-10-03 00:05:20,413] {logging_mixin.py:115} INFO - [2023-10-03 00:05:20,413] {dagbag.py:508} INFO - Filling up the DagBag from /opt/airflow/dags/api_covid_prueba.py
[2023-10-03 00:05:20,626] {processor.py:651} INFO - DAG(s) dict_keys(['consultar_info_covid_api']) retrieved from /opt/airflow/dags/api_covid_prueba.py
[2023-10-03 00:05:20,636] {logging_mixin.py:115} INFO - [2023-10-03 00:05:20,635] {dag.py:2420} INFO - Sync 1 DAGs
[2023-10-03 00:05:20,647] {logging_mixin.py:115} INFO - [2023-10-03 00:05:20,647] {dag.py:2972} INFO - Setting next_dagrun for consultar_info_covid_api to 2023-10-03T00:00:00+00:00, run_after=2023-10-04T00:00:00+00:00
[2023-10-03 00:05:20,655] {processor.py:161} INFO - Processing /opt/airflow/dags/api_covid_prueba.py took 0.245 seconds
[2023-10-03 00:05:30,437] {processor.py:153} INFO - Started process (PID=288) to work on /opt/airflow/dags/api_covid_prueba.py
[2023-10-03 00:05:30,438] {processor.py:641} INFO - Processing file /opt/airflow/dags/api_covid_prueba.py for tasks to queue
[2023-10-03 00:05:30,438] {logging_mixin.py:115} INFO - [2023-10-03 00:05:30,438] {dagbag.py:508} INFO - Filling up the DagBag from /opt/airflow/dags/api_covid_prueba.py
[2023-10-03 00:05:30,463] {processor.py:651} INFO - DAG(s) dict_keys(['consultar_info_covid_api']) retrieved from /opt/airflow/dags/api_covid_prueba.py
[2023-10-03 00:05:30,476] {logging_mixin.py:115} INFO - [2023-10-03 00:05:30,476] {dag.py:2420} INFO - Sync 1 DAGs
[2023-10-03 00:05:30,489] {logging_mixin.py:115} INFO - [2023-10-03 00:05:30,489] {dag.py:2972} INFO - Setting next_dagrun for consultar_info_covid_api to 2023-10-03T00:00:00+00:00, run_after=2023-10-04T00:00:00+00:00
[2023-10-03 00:05:30,501] {processor.py:161} INFO - Processing /opt/airflow/dags/api_covid_prueba.py took 0.065 seconds
[2023-10-03 00:05:40,533] {processor.py:153} INFO - Started process (PID=293) to work on /opt/airflow/dags/api_covid_prueba.py
[2023-10-03 00:05:40,533] {processor.py:641} INFO - Processing file /opt/airflow/dags/api_covid_prueba.py for tasks to queue
[2023-10-03 00:05:40,533] {logging_mixin.py:115} INFO - [2023-10-03 00:05:40,533] {dagbag.py:508} INFO - Filling up the DagBag from /opt/airflow/dags/api_covid_prueba.py
[2023-10-03 00:05:40,549] {processor.py:651} INFO - DAG(s) dict_keys(['consultar_info_covid_api']) retrieved from /opt/airflow/dags/api_covid_prueba.py
[2023-10-03 00:05:40,561] {logging_mixin.py:115} INFO - [2023-10-03 00:05:40,561] {dag.py:2420} INFO - Sync 1 DAGs
[2023-10-03 00:05:40,573] {logging_mixin.py:115} INFO - [2023-10-03 00:05:40,573] {dag.py:2972} INFO - Setting next_dagrun for consultar_info_covid_api to 2023-10-03T00:00:00+00:00, run_after=2023-10-04T00:00:00+00:00
[2023-10-03 00:05:40,581] {processor.py:161} INFO - Processing /opt/airflow/dags/api_covid_prueba.py took 0.050 seconds
[2023-10-03 00:05:45,547] {processor.py:153} INFO - Started process (PID=298) to work on /opt/airflow/dags/api_covid_prueba.py
[2023-10-03 00:05:45,548] {processor.py:641} INFO - Processing file /opt/airflow/dags/api_covid_prueba.py for tasks to queue
[2023-10-03 00:05:45,548] {logging_mixin.py:115} INFO - [2023-10-03 00:05:45,548] {dagbag.py:508} INFO - Filling up the DagBag from /opt/airflow/dags/api_covid_prueba.py
[2023-10-03 00:05:45,571] {processor.py:651} INFO - DAG(s) dict_keys(['consultar_info_covid_api']) retrieved from /opt/airflow/dags/api_covid_prueba.py
[2023-10-03 00:05:45,583] {logging_mixin.py:115} INFO - [2023-10-03 00:05:45,583] {dag.py:2420} INFO - Sync 1 DAGs
[2023-10-03 00:05:45,595] {logging_mixin.py:115} INFO - [2023-10-03 00:05:45,595] {dag.py:2972} INFO - Setting next_dagrun for consultar_info_covid_api to 2023-10-03T00:00:00+00:00, run_after=2023-10-04T00:00:00+00:00
[2023-10-03 00:05:45,607] {processor.py:161} INFO - Processing /opt/airflow/dags/api_covid_prueba.py took 0.061 seconds
[2023-10-03 00:05:54,633] {processor.py:153} INFO - Started process (PID=303) to work on /opt/airflow/dags/api_covid_prueba.py
[2023-10-03 00:05:54,633] {processor.py:641} INFO - Processing file /opt/airflow/dags/api_covid_prueba.py for tasks to queue
[2023-10-03 00:05:54,634] {logging_mixin.py:115} INFO - [2023-10-03 00:05:54,634] {dagbag.py:508} INFO - Filling up the DagBag from /opt/airflow/dags/api_covid_prueba.py
[2023-10-03 00:05:54,656] {processor.py:651} INFO - DAG(s) dict_keys(['consultar_info_covid_api']) retrieved from /opt/airflow/dags/api_covid_prueba.py
[2023-10-03 00:05:54,668] {logging_mixin.py:115} INFO - [2023-10-03 00:05:54,668] {dag.py:2420} INFO - Sync 1 DAGs
[2023-10-03 00:05:54,680] {logging_mixin.py:115} INFO - [2023-10-03 00:05:54,680] {dag.py:2972} INFO - Setting next_dagrun for consultar_info_covid_api to 2023-10-03T00:00:00+00:00, run_after=2023-10-04T00:00:00+00:00
[2023-10-03 00:05:54,691] {processor.py:161} INFO - Processing /opt/airflow/dags/api_covid_prueba.py took 0.059 seconds
[2023-10-03 00:06:08,780] {processor.py:153} INFO - Started process (PID=178) to work on /opt/airflow/dags/api_covid_prueba.py
[2023-10-03 00:06:08,781] {processor.py:641} INFO - Processing file /opt/airflow/dags/api_covid_prueba.py for tasks to queue
[2023-10-03 00:06:08,781] {logging_mixin.py:115} INFO - [2023-10-03 00:06:08,781] {dagbag.py:508} INFO - Filling up the DagBag from /opt/airflow/dags/api_covid_prueba.py
[2023-10-03 00:06:08,796] {processor.py:651} INFO - DAG(s) dict_keys(['consultar_info_covid_api']) retrieved from /opt/airflow/dags/api_covid_prueba.py
[2023-10-03 00:06:08,808] {logging_mixin.py:115} INFO - [2023-10-03 00:06:08,808] {dag.py:2420} INFO - Sync 1 DAGs
[2023-10-03 00:06:08,821] {logging_mixin.py:115} INFO - [2023-10-03 00:06:08,821] {dag.py:2972} INFO - Setting next_dagrun for consultar_info_covid_api to 2023-10-03T00:00:00+00:00, run_after=2023-10-04T00:00:00+00:00
[2023-10-03 00:06:08,830] {processor.py:161} INFO - Processing /opt/airflow/dags/api_covid_prueba.py took 0.051 seconds
[2023-10-03 00:06:18,864] {processor.py:153} INFO - Started process (PID=183) to work on /opt/airflow/dags/api_covid_prueba.py
[2023-10-03 00:06:18,865] {processor.py:641} INFO - Processing file /opt/airflow/dags/api_covid_prueba.py for tasks to queue
[2023-10-03 00:06:18,865] {logging_mixin.py:115} INFO - [2023-10-03 00:06:18,865] {dagbag.py:508} INFO - Filling up the DagBag from /opt/airflow/dags/api_covid_prueba.py
[2023-10-03 00:06:18,879] {processor.py:651} INFO - DAG(s) dict_keys(['consultar_info_covid_api']) retrieved from /opt/airflow/dags/api_covid_prueba.py
[2023-10-03 00:06:18,891] {logging_mixin.py:115} INFO - [2023-10-03 00:06:18,890] {dag.py:2420} INFO - Sync 1 DAGs
[2023-10-03 00:06:18,902] {logging_mixin.py:115} INFO - [2023-10-03 00:06:18,902] {dag.py:2972} INFO - Setting next_dagrun for consultar_info_covid_api to 2023-10-03T00:00:00+00:00, run_after=2023-10-04T00:00:00+00:00
[2023-10-03 00:06:18,911] {processor.py:161} INFO - Processing /opt/airflow/dags/api_covid_prueba.py took 0.048 seconds
[2023-10-03 00:06:28,942] {processor.py:153} INFO - Started process (PID=188) to work on /opt/airflow/dags/api_covid_prueba.py
[2023-10-03 00:06:28,942] {processor.py:641} INFO - Processing file /opt/airflow/dags/api_covid_prueba.py for tasks to queue
[2023-10-03 00:06:28,943] {logging_mixin.py:115} INFO - [2023-10-03 00:06:28,942] {dagbag.py:508} INFO - Filling up the DagBag from /opt/airflow/dags/api_covid_prueba.py
[2023-10-03 00:06:28,956] {processor.py:651} INFO - DAG(s) dict_keys(['consultar_info_covid_api']) retrieved from /opt/airflow/dags/api_covid_prueba.py
[2023-10-03 00:06:28,968] {logging_mixin.py:115} INFO - [2023-10-03 00:06:28,968] {dag.py:2420} INFO - Sync 1 DAGs
[2023-10-03 00:06:28,980] {logging_mixin.py:115} INFO - [2023-10-03 00:06:28,980] {dag.py:2972} INFO - Setting next_dagrun for consultar_info_covid_api to 2023-10-03T00:00:00+00:00, run_after=2023-10-04T00:00:00+00:00
[2023-10-03 00:06:28,988] {processor.py:161} INFO - Processing /opt/airflow/dags/api_covid_prueba.py took 0.048 seconds
[2023-10-03 00:06:39,023] {processor.py:153} INFO - Started process (PID=195) to work on /opt/airflow/dags/api_covid_prueba.py
[2023-10-03 00:06:39,024] {processor.py:641} INFO - Processing file /opt/airflow/dags/api_covid_prueba.py for tasks to queue
[2023-10-03 00:06:39,024] {logging_mixin.py:115} INFO - [2023-10-03 00:06:39,024] {dagbag.py:508} INFO - Filling up the DagBag from /opt/airflow/dags/api_covid_prueba.py
[2023-10-03 00:06:39,038] {processor.py:651} INFO - DAG(s) dict_keys(['consultar_info_covid_api']) retrieved from /opt/airflow/dags/api_covid_prueba.py
[2023-10-03 00:06:39,050] {logging_mixin.py:115} INFO - [2023-10-03 00:06:39,050] {dag.py:2420} INFO - Sync 1 DAGs
[2023-10-03 00:06:39,062] {logging_mixin.py:115} INFO - [2023-10-03 00:06:39,062] {dag.py:2972} INFO - Setting next_dagrun for consultar_info_covid_api to 2023-10-03T00:00:00+00:00, run_after=2023-10-04T00:00:00+00:00
[2023-10-03 00:06:39,070] {processor.py:161} INFO - Processing /opt/airflow/dags/api_covid_prueba.py took 0.049 seconds
[2023-10-03 00:06:49,103] {processor.py:153} INFO - Started process (PID=200) to work on /opt/airflow/dags/api_covid_prueba.py
[2023-10-03 00:06:49,103] {processor.py:641} INFO - Processing file /opt/airflow/dags/api_covid_prueba.py for tasks to queue
[2023-10-03 00:06:49,103] {logging_mixin.py:115} INFO - [2023-10-03 00:06:49,103] {dagbag.py:508} INFO - Filling up the DagBag from /opt/airflow/dags/api_covid_prueba.py
[2023-10-03 00:06:49,117] {processor.py:651} INFO - DAG(s) dict_keys(['consultar_info_covid_api']) retrieved from /opt/airflow/dags/api_covid_prueba.py
[2023-10-03 00:06:49,129] {logging_mixin.py:115} INFO - [2023-10-03 00:06:49,129] {dag.py:2420} INFO - Sync 1 DAGs
[2023-10-03 00:06:49,141] {logging_mixin.py:115} INFO - [2023-10-03 00:06:49,141] {dag.py:2972} INFO - Setting next_dagrun for consultar_info_covid_api to 2023-10-03T00:00:00+00:00, run_after=2023-10-04T00:00:00+00:00
[2023-10-03 00:06:49,149] {processor.py:161} INFO - Processing /opt/airflow/dags/api_covid_prueba.py took 0.048 seconds
[2023-10-03 00:06:59,181] {processor.py:153} INFO - Started process (PID=205) to work on /opt/airflow/dags/api_covid_prueba.py
[2023-10-03 00:06:59,182] {processor.py:641} INFO - Processing file /opt/airflow/dags/api_covid_prueba.py for tasks to queue
[2023-10-03 00:06:59,182] {logging_mixin.py:115} INFO - [2023-10-03 00:06:59,182] {dagbag.py:508} INFO - Filling up the DagBag from /opt/airflow/dags/api_covid_prueba.py
[2023-10-03 00:06:59,196] {processor.py:651} INFO - DAG(s) dict_keys(['consultar_info_covid_api']) retrieved from /opt/airflow/dags/api_covid_prueba.py
[2023-10-03 00:06:59,207] {logging_mixin.py:115} INFO - [2023-10-03 00:06:59,207] {dag.py:2420} INFO - Sync 1 DAGs
[2023-10-03 00:06:59,219] {logging_mixin.py:115} INFO - [2023-10-03 00:06:59,219] {dag.py:2972} INFO - Setting next_dagrun for consultar_info_covid_api to 2023-10-03T00:00:00+00:00, run_after=2023-10-04T00:00:00+00:00
[2023-10-03 00:06:59,227] {processor.py:161} INFO - Processing /opt/airflow/dags/api_covid_prueba.py took 0.047 seconds
[2023-10-03 00:07:09,260] {processor.py:153} INFO - Started process (PID=210) to work on /opt/airflow/dags/api_covid_prueba.py
[2023-10-03 00:07:09,260] {processor.py:641} INFO - Processing file /opt/airflow/dags/api_covid_prueba.py for tasks to queue
[2023-10-03 00:07:09,261] {logging_mixin.py:115} INFO - [2023-10-03 00:07:09,261] {dagbag.py:508} INFO - Filling up the DagBag from /opt/airflow/dags/api_covid_prueba.py
[2023-10-03 00:07:09,275] {processor.py:651} INFO - DAG(s) dict_keys(['consultar_info_covid_api']) retrieved from /opt/airflow/dags/api_covid_prueba.py
[2023-10-03 00:07:09,287] {logging_mixin.py:115} INFO - [2023-10-03 00:07:09,287] {dag.py:2420} INFO - Sync 1 DAGs
[2023-10-03 00:07:09,299] {logging_mixin.py:115} INFO - [2023-10-03 00:07:09,299] {dag.py:2972} INFO - Setting next_dagrun for consultar_info_covid_api to 2023-10-03T00:00:00+00:00, run_after=2023-10-04T00:00:00+00:00
[2023-10-03 00:07:09,308] {processor.py:161} INFO - Processing /opt/airflow/dags/api_covid_prueba.py took 0.049 seconds
[2023-10-03 00:07:19,340] {processor.py:153} INFO - Started process (PID=215) to work on /opt/airflow/dags/api_covid_prueba.py
[2023-10-03 00:07:19,341] {processor.py:641} INFO - Processing file /opt/airflow/dags/api_covid_prueba.py for tasks to queue
[2023-10-03 00:07:19,341] {logging_mixin.py:115} INFO - [2023-10-03 00:07:19,341] {dagbag.py:508} INFO - Filling up the DagBag from /opt/airflow/dags/api_covid_prueba.py
[2023-10-03 00:07:19,355] {processor.py:651} INFO - DAG(s) dict_keys(['consultar_info_covid_api']) retrieved from /opt/airflow/dags/api_covid_prueba.py
[2023-10-03 00:07:19,366] {logging_mixin.py:115} INFO - [2023-10-03 00:07:19,366] {dag.py:2420} INFO - Sync 1 DAGs
[2023-10-03 00:07:19,378] {logging_mixin.py:115} INFO - [2023-10-03 00:07:19,378] {dag.py:2972} INFO - Setting next_dagrun for consultar_info_covid_api to 2023-10-03T00:00:00+00:00, run_after=2023-10-04T00:00:00+00:00
[2023-10-03 00:07:19,386] {processor.py:161} INFO - Processing /opt/airflow/dags/api_covid_prueba.py took 0.048 seconds
[2023-10-03 00:07:29,416] {processor.py:153} INFO - Started process (PID=220) to work on /opt/airflow/dags/api_covid_prueba.py
[2023-10-03 00:07:29,417] {processor.py:641} INFO - Processing file /opt/airflow/dags/api_covid_prueba.py for tasks to queue
[2023-10-03 00:07:29,417] {logging_mixin.py:115} INFO - [2023-10-03 00:07:29,417] {dagbag.py:508} INFO - Filling up the DagBag from /opt/airflow/dags/api_covid_prueba.py
[2023-10-03 00:07:29,432] {processor.py:651} INFO - DAG(s) dict_keys(['consultar_info_covid_api']) retrieved from /opt/airflow/dags/api_covid_prueba.py
[2023-10-03 00:07:29,444] {logging_mixin.py:115} INFO - [2023-10-03 00:07:29,443] {dag.py:2420} INFO - Sync 1 DAGs
[2023-10-03 00:07:29,455] {logging_mixin.py:115} INFO - [2023-10-03 00:07:29,455] {dag.py:2972} INFO - Setting next_dagrun for consultar_info_covid_api to 2023-10-03T00:00:00+00:00, run_after=2023-10-04T00:00:00+00:00
[2023-10-03 00:07:29,464] {processor.py:161} INFO - Processing /opt/airflow/dags/api_covid_prueba.py took 0.049 seconds
[2023-10-03 00:07:39,495] {processor.py:153} INFO - Started process (PID=225) to work on /opt/airflow/dags/api_covid_prueba.py
[2023-10-03 00:07:39,495] {processor.py:641} INFO - Processing file /opt/airflow/dags/api_covid_prueba.py for tasks to queue
[2023-10-03 00:07:39,496] {logging_mixin.py:115} INFO - [2023-10-03 00:07:39,496] {dagbag.py:508} INFO - Filling up the DagBag from /opt/airflow/dags/api_covid_prueba.py
[2023-10-03 00:07:39,510] {processor.py:651} INFO - DAG(s) dict_keys(['consultar_info_covid_api']) retrieved from /opt/airflow/dags/api_covid_prueba.py
[2023-10-03 00:07:39,522] {logging_mixin.py:115} INFO - [2023-10-03 00:07:39,522] {dag.py:2420} INFO - Sync 1 DAGs
[2023-10-03 00:07:39,534] {logging_mixin.py:115} INFO - [2023-10-03 00:07:39,534] {dag.py:2972} INFO - Setting next_dagrun for consultar_info_covid_api to 2023-10-03T00:00:00+00:00, run_after=2023-10-04T00:00:00+00:00
[2023-10-03 00:07:39,542] {processor.py:161} INFO - Processing /opt/airflow/dags/api_covid_prueba.py took 0.048 seconds
[2023-10-03 00:07:49,572] {processor.py:153} INFO - Started process (PID=230) to work on /opt/airflow/dags/api_covid_prueba.py
[2023-10-03 00:07:49,573] {processor.py:641} INFO - Processing file /opt/airflow/dags/api_covid_prueba.py for tasks to queue
[2023-10-03 00:07:49,573] {logging_mixin.py:115} INFO - [2023-10-03 00:07:49,573] {dagbag.py:508} INFO - Filling up the DagBag from /opt/airflow/dags/api_covid_prueba.py
[2023-10-03 00:07:49,587] {processor.py:651} INFO - DAG(s) dict_keys(['consultar_info_covid_api']) retrieved from /opt/airflow/dags/api_covid_prueba.py
[2023-10-03 00:07:49,599] {logging_mixin.py:115} INFO - [2023-10-03 00:07:49,599] {dag.py:2420} INFO - Sync 1 DAGs
[2023-10-03 00:07:49,611] {logging_mixin.py:115} INFO - [2023-10-03 00:07:49,611] {dag.py:2972} INFO - Setting next_dagrun for consultar_info_covid_api to 2023-10-03T00:00:00+00:00, run_after=2023-10-04T00:00:00+00:00
[2023-10-03 00:07:49,619] {processor.py:161} INFO - Processing /opt/airflow/dags/api_covid_prueba.py took 0.048 seconds
[2023-10-03 00:07:59,651] {processor.py:153} INFO - Started process (PID=235) to work on /opt/airflow/dags/api_covid_prueba.py
[2023-10-03 00:07:59,652] {processor.py:641} INFO - Processing file /opt/airflow/dags/api_covid_prueba.py for tasks to queue
[2023-10-03 00:07:59,652] {logging_mixin.py:115} INFO - [2023-10-03 00:07:59,652] {dagbag.py:508} INFO - Filling up the DagBag from /opt/airflow/dags/api_covid_prueba.py
[2023-10-03 00:07:59,666] {processor.py:651} INFO - DAG(s) dict_keys(['consultar_info_covid_api']) retrieved from /opt/airflow/dags/api_covid_prueba.py
[2023-10-03 00:07:59,677] {logging_mixin.py:115} INFO - [2023-10-03 00:07:59,677] {dag.py:2420} INFO - Sync 1 DAGs
[2023-10-03 00:07:59,689] {logging_mixin.py:115} INFO - [2023-10-03 00:07:59,689] {dag.py:2972} INFO - Setting next_dagrun for consultar_info_covid_api to 2023-10-03T00:00:00+00:00, run_after=2023-10-04T00:00:00+00:00
[2023-10-03 00:07:59,697] {processor.py:161} INFO - Processing /opt/airflow/dags/api_covid_prueba.py took 0.048 seconds
[2023-10-03 00:08:09,730] {processor.py:153} INFO - Started process (PID=240) to work on /opt/airflow/dags/api_covid_prueba.py
[2023-10-03 00:08:09,731] {processor.py:641} INFO - Processing file /opt/airflow/dags/api_covid_prueba.py for tasks to queue
[2023-10-03 00:08:09,731] {logging_mixin.py:115} INFO - [2023-10-03 00:08:09,731] {dagbag.py:508} INFO - Filling up the DagBag from /opt/airflow/dags/api_covid_prueba.py
[2023-10-03 00:08:09,746] {processor.py:651} INFO - DAG(s) dict_keys(['consultar_info_covid_api']) retrieved from /opt/airflow/dags/api_covid_prueba.py
[2023-10-03 00:08:09,758] {logging_mixin.py:115} INFO - [2023-10-03 00:08:09,758] {dag.py:2420} INFO - Sync 1 DAGs
[2023-10-03 00:08:09,771] {logging_mixin.py:115} INFO - [2023-10-03 00:08:09,770] {dag.py:2972} INFO - Setting next_dagrun for consultar_info_covid_api to 2023-10-03T00:00:00+00:00, run_after=2023-10-04T00:00:00+00:00
[2023-10-03 00:08:09,780] {processor.py:161} INFO - Processing /opt/airflow/dags/api_covid_prueba.py took 0.051 seconds
[2023-10-03 00:09:19,989] {processor.py:153} INFO - Started process (PID=177) to work on /opt/airflow/dags/api_covid_prueba.py
[2023-10-03 00:09:19,990] {processor.py:641} INFO - Processing file /opt/airflow/dags/api_covid_prueba.py for tasks to queue
[2023-10-03 00:09:19,990] {logging_mixin.py:115} INFO - [2023-10-03 00:09:19,990] {dagbag.py:508} INFO - Filling up the DagBag from /opt/airflow/dags/api_covid_prueba.py
[2023-10-03 00:09:20,010] {processor.py:651} INFO - DAG(s) dict_keys(['consultar_info_covid_api']) retrieved from /opt/airflow/dags/api_covid_prueba.py
[2023-10-03 00:09:20,033] {logging_mixin.py:115} INFO - [2023-10-03 00:09:20,033] {dag.py:2420} INFO - Sync 1 DAGs
[2023-10-03 00:09:20,048] {logging_mixin.py:115} INFO - [2023-10-03 00:09:20,048] {dag.py:2972} INFO - Setting next_dagrun for consultar_info_covid_api to 2023-10-03T00:00:00+00:00, run_after=2023-10-04T00:00:00+00:00
[2023-10-03 00:09:20,058] {processor.py:161} INFO - Processing /opt/airflow/dags/api_covid_prueba.py took 0.070 seconds
[2023-10-03 00:09:30,089] {processor.py:153} INFO - Started process (PID=182) to work on /opt/airflow/dags/api_covid_prueba.py
[2023-10-03 00:09:30,089] {processor.py:641} INFO - Processing file /opt/airflow/dags/api_covid_prueba.py for tasks to queue
[2023-10-03 00:09:30,089] {logging_mixin.py:115} INFO - [2023-10-03 00:09:30,089] {dagbag.py:508} INFO - Filling up the DagBag from /opt/airflow/dags/api_covid_prueba.py
[2023-10-03 00:09:30,103] {processor.py:651} INFO - DAG(s) dict_keys(['consultar_info_covid_api']) retrieved from /opt/airflow/dags/api_covid_prueba.py
[2023-10-03 00:09:30,115] {logging_mixin.py:115} INFO - [2023-10-03 00:09:30,115] {dag.py:2420} INFO - Sync 1 DAGs
[2023-10-03 00:09:30,128] {logging_mixin.py:115} INFO - [2023-10-03 00:09:30,128] {dag.py:2972} INFO - Setting next_dagrun for consultar_info_covid_api to 2023-10-03T00:00:00+00:00, run_after=2023-10-04T00:00:00+00:00
[2023-10-03 00:09:30,136] {processor.py:161} INFO - Processing /opt/airflow/dags/api_covid_prueba.py took 0.049 seconds
[2023-10-03 00:09:40,169] {processor.py:153} INFO - Started process (PID=187) to work on /opt/airflow/dags/api_covid_prueba.py
[2023-10-03 00:09:40,169] {processor.py:641} INFO - Processing file /opt/airflow/dags/api_covid_prueba.py for tasks to queue
[2023-10-03 00:09:40,170] {logging_mixin.py:115} INFO - [2023-10-03 00:09:40,170] {dagbag.py:508} INFO - Filling up the DagBag from /opt/airflow/dags/api_covid_prueba.py
[2023-10-03 00:09:40,184] {processor.py:651} INFO - DAG(s) dict_keys(['consultar_info_covid_api']) retrieved from /opt/airflow/dags/api_covid_prueba.py
[2023-10-03 00:09:40,196] {logging_mixin.py:115} INFO - [2023-10-03 00:09:40,196] {dag.py:2420} INFO - Sync 1 DAGs
[2023-10-03 00:09:40,211] {logging_mixin.py:115} INFO - [2023-10-03 00:09:40,211] {dag.py:2972} INFO - Setting next_dagrun for consultar_info_covid_api to 2023-10-03T00:00:00+00:00, run_after=2023-10-04T00:00:00+00:00
[2023-10-03 00:09:40,220] {processor.py:161} INFO - Processing /opt/airflow/dags/api_covid_prueba.py took 0.053 seconds
[2023-10-03 00:09:50,252] {processor.py:153} INFO - Started process (PID=194) to work on /opt/airflow/dags/api_covid_prueba.py
[2023-10-03 00:09:50,252] {processor.py:641} INFO - Processing file /opt/airflow/dags/api_covid_prueba.py for tasks to queue
[2023-10-03 00:09:50,252] {logging_mixin.py:115} INFO - [2023-10-03 00:09:50,252] {dagbag.py:508} INFO - Filling up the DagBag from /opt/airflow/dags/api_covid_prueba.py
[2023-10-03 00:09:50,266] {processor.py:651} INFO - DAG(s) dict_keys(['consultar_info_covid_api']) retrieved from /opt/airflow/dags/api_covid_prueba.py
[2023-10-03 00:09:50,278] {logging_mixin.py:115} INFO - [2023-10-03 00:09:50,278] {dag.py:2420} INFO - Sync 1 DAGs
[2023-10-03 00:09:50,291] {logging_mixin.py:115} INFO - [2023-10-03 00:09:50,291] {dag.py:2972} INFO - Setting next_dagrun for consultar_info_covid_api to 2023-10-03T00:00:00+00:00, run_after=2023-10-04T00:00:00+00:00
[2023-10-03 00:09:50,300] {processor.py:161} INFO - Processing /opt/airflow/dags/api_covid_prueba.py took 0.050 seconds
[2023-10-03 00:10:00,334] {processor.py:153} INFO - Started process (PID=199) to work on /opt/airflow/dags/api_covid_prueba.py
[2023-10-03 00:10:00,335] {processor.py:641} INFO - Processing file /opt/airflow/dags/api_covid_prueba.py for tasks to queue
[2023-10-03 00:10:00,335] {logging_mixin.py:115} INFO - [2023-10-03 00:10:00,335] {dagbag.py:508} INFO - Filling up the DagBag from /opt/airflow/dags/api_covid_prueba.py
[2023-10-03 00:10:00,350] {processor.py:651} INFO - DAG(s) dict_keys(['consultar_info_covid_api']) retrieved from /opt/airflow/dags/api_covid_prueba.py
[2023-10-03 00:10:00,363] {logging_mixin.py:115} INFO - [2023-10-03 00:10:00,363] {dag.py:2420} INFO - Sync 1 DAGs
[2023-10-03 00:10:00,376] {logging_mixin.py:115} INFO - [2023-10-03 00:10:00,376] {dag.py:2972} INFO - Setting next_dagrun for consultar_info_covid_api to 2023-10-03T00:00:00+00:00, run_after=2023-10-04T00:00:00+00:00
[2023-10-03 00:10:00,386] {processor.py:161} INFO - Processing /opt/airflow/dags/api_covid_prueba.py took 0.053 seconds
[2023-10-03 00:10:10,419] {processor.py:153} INFO - Started process (PID=204) to work on /opt/airflow/dags/api_covid_prueba.py
[2023-10-03 00:10:10,419] {processor.py:641} INFO - Processing file /opt/airflow/dags/api_covid_prueba.py for tasks to queue
[2023-10-03 00:10:10,420] {logging_mixin.py:115} INFO - [2023-10-03 00:10:10,420] {dagbag.py:508} INFO - Filling up the DagBag from /opt/airflow/dags/api_covid_prueba.py
[2023-10-03 00:10:10,435] {processor.py:651} INFO - DAG(s) dict_keys(['consultar_info_covid_api']) retrieved from /opt/airflow/dags/api_covid_prueba.py
[2023-10-03 00:10:10,447] {logging_mixin.py:115} INFO - [2023-10-03 00:10:10,447] {dag.py:2420} INFO - Sync 1 DAGs
[2023-10-03 00:10:10,461] {logging_mixin.py:115} INFO - [2023-10-03 00:10:10,461] {dag.py:2972} INFO - Setting next_dagrun for consultar_info_covid_api to 2023-10-03T00:00:00+00:00, run_after=2023-10-04T00:00:00+00:00
[2023-10-03 00:10:10,470] {processor.py:161} INFO - Processing /opt/airflow/dags/api_covid_prueba.py took 0.052 seconds
[2023-10-03 00:10:20,501] {processor.py:153} INFO - Started process (PID=209) to work on /opt/airflow/dags/api_covid_prueba.py
[2023-10-03 00:10:20,502] {processor.py:641} INFO - Processing file /opt/airflow/dags/api_covid_prueba.py for tasks to queue
[2023-10-03 00:10:20,502] {logging_mixin.py:115} INFO - [2023-10-03 00:10:20,502] {dagbag.py:508} INFO - Filling up the DagBag from /opt/airflow/dags/api_covid_prueba.py
[2023-10-03 00:10:20,517] {processor.py:651} INFO - DAG(s) dict_keys(['consultar_info_covid_api']) retrieved from /opt/airflow/dags/api_covid_prueba.py
[2023-10-03 00:10:20,529] {logging_mixin.py:115} INFO - [2023-10-03 00:10:20,529] {dag.py:2420} INFO - Sync 1 DAGs
[2023-10-03 00:10:20,543] {logging_mixin.py:115} INFO - [2023-10-03 00:10:20,543] {dag.py:2972} INFO - Setting next_dagrun for consultar_info_covid_api to 2023-10-03T00:00:00+00:00, run_after=2023-10-04T00:00:00+00:00
[2023-10-03 00:10:20,551] {processor.py:161} INFO - Processing /opt/airflow/dags/api_covid_prueba.py took 0.051 seconds
[2023-10-03 00:10:30,582] {processor.py:153} INFO - Started process (PID=214) to work on /opt/airflow/dags/api_covid_prueba.py
[2023-10-03 00:10:30,582] {processor.py:641} INFO - Processing file /opt/airflow/dags/api_covid_prueba.py for tasks to queue
[2023-10-03 00:10:30,583] {logging_mixin.py:115} INFO - [2023-10-03 00:10:30,583] {dagbag.py:508} INFO - Filling up the DagBag from /opt/airflow/dags/api_covid_prueba.py
[2023-10-03 00:10:30,597] {processor.py:651} INFO - DAG(s) dict_keys(['consultar_info_covid_api']) retrieved from /opt/airflow/dags/api_covid_prueba.py
[2023-10-03 00:10:30,608] {logging_mixin.py:115} INFO - [2023-10-03 00:10:30,608] {dag.py:2420} INFO - Sync 1 DAGs
[2023-10-03 00:10:30,621] {logging_mixin.py:115} INFO - [2023-10-03 00:10:30,621] {dag.py:2972} INFO - Setting next_dagrun for consultar_info_covid_api to 2023-10-03T00:00:00+00:00, run_after=2023-10-04T00:00:00+00:00
[2023-10-03 00:10:30,629] {processor.py:161} INFO - Processing /opt/airflow/dags/api_covid_prueba.py took 0.049 seconds
[2023-10-03 00:10:40,657] {processor.py:153} INFO - Started process (PID=219) to work on /opt/airflow/dags/api_covid_prueba.py
[2023-10-03 00:10:40,658] {processor.py:641} INFO - Processing file /opt/airflow/dags/api_covid_prueba.py for tasks to queue
[2023-10-03 00:10:40,658] {logging_mixin.py:115} INFO - [2023-10-03 00:10:40,658] {dagbag.py:508} INFO - Filling up the DagBag from /opt/airflow/dags/api_covid_prueba.py
[2023-10-03 00:10:40,672] {processor.py:651} INFO - DAG(s) dict_keys(['consultar_info_covid_api']) retrieved from /opt/airflow/dags/api_covid_prueba.py
[2023-10-03 00:10:40,684] {logging_mixin.py:115} INFO - [2023-10-03 00:10:40,684] {dag.py:2420} INFO - Sync 1 DAGs
[2023-10-03 00:10:40,697] {logging_mixin.py:115} INFO - [2023-10-03 00:10:40,697] {dag.py:2972} INFO - Setting next_dagrun for consultar_info_covid_api to 2023-10-03T00:00:00+00:00, run_after=2023-10-04T00:00:00+00:00
[2023-10-03 00:10:40,705] {processor.py:161} INFO - Processing /opt/airflow/dags/api_covid_prueba.py took 0.049 seconds
[2023-10-03 00:10:50,735] {processor.py:153} INFO - Started process (PID=224) to work on /opt/airflow/dags/api_covid_prueba.py
[2023-10-03 00:10:50,736] {processor.py:641} INFO - Processing file /opt/airflow/dags/api_covid_prueba.py for tasks to queue
[2023-10-03 00:10:50,736] {logging_mixin.py:115} INFO - [2023-10-03 00:10:50,736] {dagbag.py:508} INFO - Filling up the DagBag from /opt/airflow/dags/api_covid_prueba.py
[2023-10-03 00:10:50,751] {processor.py:651} INFO - DAG(s) dict_keys(['consultar_info_covid_api']) retrieved from /opt/airflow/dags/api_covid_prueba.py
[2023-10-03 00:10:50,763] {logging_mixin.py:115} INFO - [2023-10-03 00:10:50,763] {dag.py:2420} INFO - Sync 1 DAGs
[2023-10-03 00:10:50,776] {logging_mixin.py:115} INFO - [2023-10-03 00:10:50,776] {dag.py:2972} INFO - Setting next_dagrun for consultar_info_covid_api to 2023-10-03T00:00:00+00:00, run_after=2023-10-04T00:00:00+00:00
[2023-10-03 00:10:50,784] {processor.py:161} INFO - Processing /opt/airflow/dags/api_covid_prueba.py took 0.050 seconds
