[2023-10-03 00:21:46,087] {taskinstance.py:1179} INFO - Dependencies all met for <TaskInstance: consultar_info_covid_api.insert_table_redshift scheduled__2023-10-02T00:00:00+00:00 [queued]>
[2023-10-03 00:21:46,093] {taskinstance.py:1179} INFO - Dependencies all met for <TaskInstance: consultar_info_covid_api.insert_table_redshift scheduled__2023-10-02T00:00:00+00:00 [queued]>
[2023-10-03 00:21:46,093] {taskinstance.py:1376} INFO - 
--------------------------------------------------------------------------------
[2023-10-03 00:21:46,094] {taskinstance.py:1377} INFO - Starting attempt 2 of 7
[2023-10-03 00:21:46,094] {taskinstance.py:1378} INFO - 
--------------------------------------------------------------------------------
[2023-10-03 00:21:46,103] {taskinstance.py:1397} INFO - Executing <Task(PythonOperator): insert_table_redshift> on 2023-10-02 00:00:00+00:00
[2023-10-03 00:21:46,106] {standard_task_runner.py:52} INFO - Started process 299 to run task
[2023-10-03 00:21:46,108] {standard_task_runner.py:79} INFO - Running: ['***', 'tasks', 'run', 'consultar_info_covid_api', 'insert_table_redshift', 'scheduled__2023-10-02T00:00:00+00:00', '--job-id', '289', '--raw', '--subdir', 'DAGS_FOLDER/api_covid.py', '--cfg-path', '/tmp/tmp8ijb8nbj', '--error-file', '/tmp/tmp9hyi424w']
[2023-10-03 00:21:46,108] {standard_task_runner.py:80} INFO - Job 289: Subtask insert_table_redshift
[2023-10-03 00:21:46,142] {task_command.py:371} INFO - Running <TaskInstance: consultar_info_covid_api.insert_table_redshift scheduled__2023-10-02T00:00:00+00:00 [running]> on host f57de557d52a
[2023-10-03 00:21:46,185] {taskinstance.py:1591} INFO - Exporting the following env vars:
AIRFLOW_CTX_DAG_OWNER=Axel Villegas Luna
AIRFLOW_CTX_DAG_ID=consultar_info_covid_api
AIRFLOW_CTX_TASK_ID=insert_table_redshift
AIRFLOW_CTX_EXECUTION_DATE=2023-10-02T00:00:00+00:00
AIRFLOW_CTX_TRY_NUMBER=2
AIRFLOW_CTX_DAG_RUN_ID=scheduled__2023-10-02T00:00:00+00:00
[2023-10-03 00:21:47,309] {python.py:173} INFO - Done. Returned value was: None
[2023-10-03 00:21:47,318] {taskinstance.py:1420} INFO - Marking task as SUCCESS. dag_id=consultar_info_covid_api, task_id=insert_table_redshift, execution_date=20231002T000000, start_date=20231003T002146, end_date=20231003T002147
[2023-10-03 00:21:47,361] {local_task_job.py:156} INFO - Task exited with return code 0
[2023-10-03 00:21:47,382] {local_task_job.py:273} INFO - 1 downstream tasks scheduled from follow-on schedule check
