[2023-10-03 00:19:57,992] {taskinstance.py:1179} INFO - Dependencies all met for <TaskInstance: consultar_info_covid_api.insert_table_redshift scheduled__2023-10-02T00:00:00+00:00 [queued]>
[2023-10-03 00:19:57,999] {taskinstance.py:1179} INFO - Dependencies all met for <TaskInstance: consultar_info_covid_api.insert_table_redshift scheduled__2023-10-02T00:00:00+00:00 [queued]>
[2023-10-03 00:19:57,999] {taskinstance.py:1376} INFO - 
--------------------------------------------------------------------------------
[2023-10-03 00:19:58,000] {taskinstance.py:1377} INFO - Starting attempt 1 of 6
[2023-10-03 00:19:58,000] {taskinstance.py:1378} INFO - 
--------------------------------------------------------------------------------
[2023-10-03 00:19:58,009] {taskinstance.py:1397} INFO - Executing <Task(PythonOperator): insert_table_redshift> on 2023-10-02 00:00:00+00:00
[2023-10-03 00:19:58,012] {standard_task_runner.py:52} INFO - Started process 230 to run task
[2023-10-03 00:19:58,013] {standard_task_runner.py:79} INFO - Running: ['***', 'tasks', 'run', 'consultar_info_covid_api', 'insert_table_redshift', 'scheduled__2023-10-02T00:00:00+00:00', '--job-id', '284', '--raw', '--subdir', 'DAGS_FOLDER/api_covid.py', '--cfg-path', '/tmp/tmpj4zqkqdu', '--error-file', '/tmp/tmp4debi_ai']
[2023-10-03 00:19:58,014] {standard_task_runner.py:80} INFO - Job 284: Subtask insert_table_redshift
[2023-10-03 00:19:58,047] {task_command.py:371} INFO - Running <TaskInstance: consultar_info_covid_api.insert_table_redshift scheduled__2023-10-02T00:00:00+00:00 [running]> on host f57de557d52a
[2023-10-03 00:19:58,090] {taskinstance.py:1591} INFO - Exporting the following env vars:
AIRFLOW_CTX_DAG_OWNER=Axel Villegas Luna
AIRFLOW_CTX_DAG_ID=consultar_info_covid_api
AIRFLOW_CTX_TASK_ID=insert_table_redshift
AIRFLOW_CTX_EXECUTION_DATE=2023-10-02T00:00:00+00:00
AIRFLOW_CTX_TRY_NUMBER=1
AIRFLOW_CTX_DAG_RUN_ID=scheduled__2023-10-02T00:00:00+00:00
[2023-10-03 00:19:59,210] {python.py:173} INFO - Done. Returned value was: None
[2023-10-03 00:19:59,219] {taskinstance.py:1420} INFO - Marking task as SUCCESS. dag_id=consultar_info_covid_api, task_id=insert_table_redshift, execution_date=20231002T000000, start_date=20231003T001957, end_date=20231003T001959
[2023-10-03 00:19:59,268] {local_task_job.py:156} INFO - Task exited with return code 0
[2023-10-03 00:19:59,289] {local_task_job.py:273} INFO - 1 downstream tasks scheduled from follow-on schedule check
