[2023-10-12 22:27:15,413] {taskinstance.py:1179} INFO - Dependencies all met for <TaskInstance: consultar_info_covid_api.update_param_redshift scheduled__2023-10-03T00:00:00+00:00 [queued]>
[2023-10-12 22:27:15,419] {taskinstance.py:1179} INFO - Dependencies all met for <TaskInstance: consultar_info_covid_api.update_param_redshift scheduled__2023-10-03T00:00:00+00:00 [queued]>
[2023-10-12 22:27:15,419] {taskinstance.py:1376} INFO - 
--------------------------------------------------------------------------------
[2023-10-12 22:27:15,420] {taskinstance.py:1377} INFO - Starting attempt 1 of 6
[2023-10-12 22:27:15,420] {taskinstance.py:1378} INFO - 
--------------------------------------------------------------------------------
[2023-10-12 22:27:15,431] {taskinstance.py:1397} INFO - Executing <Task(PythonOperator): update_param_redshift> on 2023-10-03 00:00:00+00:00
[2023-10-12 22:27:15,434] {standard_task_runner.py:52} INFO - Started process 319 to run task
[2023-10-12 22:27:15,435] {standard_task_runner.py:79} INFO - Running: ['***', 'tasks', 'run', 'consultar_info_covid_api', 'update_param_redshift', 'scheduled__2023-10-03T00:00:00+00:00', '--job-id', '330', '--raw', '--subdir', 'DAGS_FOLDER/api_covid.py', '--cfg-path', '/tmp/tmp46zunh83', '--error-file', '/tmp/tmpiube8pcn']
[2023-10-12 22:27:15,436] {standard_task_runner.py:80} INFO - Job 330: Subtask update_param_redshift
[2023-10-12 22:27:15,473] {task_command.py:371} INFO - Running <TaskInstance: consultar_info_covid_api.update_param_redshift scheduled__2023-10-03T00:00:00+00:00 [running]> on host c3b9dbaf4cf7
[2023-10-12 22:27:15,521] {taskinstance.py:1591} INFO - Exporting the following env vars:
AIRFLOW_CTX_DAG_OWNER=Axel Villegas Luna
AIRFLOW_CTX_DAG_ID=consultar_info_covid_api
AIRFLOW_CTX_TASK_ID=update_param_redshift
AIRFLOW_CTX_EXECUTION_DATE=2023-10-03T00:00:00+00:00
AIRFLOW_CTX_TRY_NUMBER=1
AIRFLOW_CTX_DAG_RUN_ID=scheduled__2023-10-03T00:00:00+00:00
[2023-10-12 22:27:17,240] {python.py:173} INFO - Done. Returned value was: None
[2023-10-12 22:27:17,249] {taskinstance.py:1420} INFO - Marking task as SUCCESS. dag_id=consultar_info_covid_api, task_id=update_param_redshift, execution_date=20231003T000000, start_date=20231012T222715, end_date=20231012T222717
[2023-10-12 22:27:17,291] {local_task_job.py:156} INFO - Task exited with return code 0
[2023-10-12 22:27:17,312] {local_task_job.py:273} INFO - 0 downstream tasks scheduled from follow-on schedule check
