[2023-10-13 19:15:39,262] {taskinstance.py:1179} INFO - Dependencies all met for <TaskInstance: consultar_info_covid_api.create_table_redshift scheduled__2023-10-12T00:00:00+00:00 [queued]>
[2023-10-13 19:15:39,267] {taskinstance.py:1179} INFO - Dependencies all met for <TaskInstance: consultar_info_covid_api.create_table_redshift scheduled__2023-10-12T00:00:00+00:00 [queued]>
[2023-10-13 19:15:39,267] {taskinstance.py:1376} INFO - 
--------------------------------------------------------------------------------
[2023-10-13 19:15:39,268] {taskinstance.py:1377} INFO - Starting attempt 12 of 17
[2023-10-13 19:15:39,268] {taskinstance.py:1378} INFO - 
--------------------------------------------------------------------------------
[2023-10-13 19:15:39,279] {taskinstance.py:1397} INFO - Executing <Task(PythonOperator): create_table_redshift> on 2023-10-12 00:00:00+00:00
[2023-10-13 19:15:39,282] {standard_task_runner.py:52} INFO - Started process 191 to run task
[2023-10-13 19:15:39,284] {standard_task_runner.py:79} INFO - Running: ['***', 'tasks', 'run', 'consultar_info_covid_api', 'create_table_redshift', 'scheduled__2023-10-12T00:00:00+00:00', '--job-id', '382', '--raw', '--subdir', 'DAGS_FOLDER/api_covid.py', '--cfg-path', '/tmp/tmpbptyo8ml', '--error-file', '/tmp/tmpxuf6x7yz']
[2023-10-13 19:15:39,284] {standard_task_runner.py:80} INFO - Job 382: Subtask create_table_redshift
[2023-10-13 19:15:39,322] {task_command.py:371} INFO - Running <TaskInstance: consultar_info_covid_api.create_table_redshift scheduled__2023-10-12T00:00:00+00:00 [running]> on host 738c88afe20a
[2023-10-13 19:15:39,370] {taskinstance.py:1591} INFO - Exporting the following env vars:
AIRFLOW_CTX_DAG_OWNER=Axel Villegas Luna
AIRFLOW_CTX_DAG_ID=consultar_info_covid_api
AIRFLOW_CTX_TASK_ID=create_table_redshift
AIRFLOW_CTX_EXECUTION_DATE=2023-10-12T00:00:00+00:00
AIRFLOW_CTX_TRY_NUMBER=12
AIRFLOW_CTX_DAG_RUN_ID=scheduled__2023-10-12T00:00:00+00:00
[2023-10-13 19:15:41,002] {python.py:173} INFO - Done. Returned value was: None
[2023-10-13 19:15:41,010] {taskinstance.py:1420} INFO - Marking task as SUCCESS. dag_id=consultar_info_covid_api, task_id=create_table_redshift, execution_date=20231012T000000, start_date=20231013T191539, end_date=20231013T191541
[2023-10-13 19:15:41,059] {local_task_job.py:156} INFO - Task exited with return code 0
[2023-10-13 19:15:41,087] {local_task_job.py:273} INFO - 0 downstream tasks scheduled from follow-on schedule check
