[2023-10-13 18:21:38,011] {taskinstance.py:1179} INFO - Dependencies all met for <TaskInstance: consultar_info_covid_api.create_table_redshift scheduled__2023-10-12T00:00:00+00:00 [queued]>
[2023-10-13 18:21:38,016] {taskinstance.py:1179} INFO - Dependencies all met for <TaskInstance: consultar_info_covid_api.create_table_redshift scheduled__2023-10-12T00:00:00+00:00 [queued]>
[2023-10-13 18:21:38,017] {taskinstance.py:1376} INFO - 
--------------------------------------------------------------------------------
[2023-10-13 18:21:38,017] {taskinstance.py:1377} INFO - Starting attempt 4 of 9
[2023-10-13 18:21:38,017] {taskinstance.py:1378} INFO - 
--------------------------------------------------------------------------------
[2023-10-13 18:21:38,029] {taskinstance.py:1397} INFO - Executing <Task(PythonOperator): create_table_redshift> on 2023-10-12 00:00:00+00:00
[2023-10-13 18:21:38,031] {standard_task_runner.py:52} INFO - Started process 197 to run task
[2023-10-13 18:21:38,033] {standard_task_runner.py:79} INFO - Running: ['***', 'tasks', 'run', 'consultar_info_covid_api', 'create_table_redshift', 'scheduled__2023-10-12T00:00:00+00:00', '--job-id', '350', '--raw', '--subdir', 'DAGS_FOLDER/api_covid.py', '--cfg-path', '/tmp/tmpk4wmavce', '--error-file', '/tmp/tmpoxc3hce1']
[2023-10-13 18:21:38,034] {standard_task_runner.py:80} INFO - Job 350: Subtask create_table_redshift
[2023-10-13 18:21:38,072] {task_command.py:371} INFO - Running <TaskInstance: consultar_info_covid_api.create_table_redshift scheduled__2023-10-12T00:00:00+00:00 [running]> on host 738c88afe20a
[2023-10-13 18:21:38,117] {taskinstance.py:1591} INFO - Exporting the following env vars:
AIRFLOW_CTX_DAG_OWNER=Axel Villegas Luna
AIRFLOW_CTX_DAG_ID=consultar_info_covid_api
AIRFLOW_CTX_TASK_ID=create_table_redshift
AIRFLOW_CTX_EXECUTION_DATE=2023-10-12T00:00:00+00:00
AIRFLOW_CTX_TRY_NUMBER=4
AIRFLOW_CTX_DAG_RUN_ID=scheduled__2023-10-12T00:00:00+00:00
[2023-10-13 18:21:39,737] {python.py:173} INFO - Done. Returned value was: None
[2023-10-13 18:21:39,746] {taskinstance.py:1420} INFO - Marking task as SUCCESS. dag_id=consultar_info_covid_api, task_id=create_table_redshift, execution_date=20231012T000000, start_date=20231013T182138, end_date=20231013T182139
[2023-10-13 18:21:39,768] {local_task_job.py:156} INFO - Task exited with return code 0
[2023-10-13 18:21:39,796] {local_task_job.py:273} INFO - 0 downstream tasks scheduled from follow-on schedule check
