[2023-10-13 21:16:51,882] {taskinstance.py:1179} INFO - Dependencies all met for <TaskInstance: consultar_info_covid_api.create_table_redshift scheduled__2023-10-12T00:00:00+00:00 [queued]>
[2023-10-13 21:16:51,888] {taskinstance.py:1179} INFO - Dependencies all met for <TaskInstance: consultar_info_covid_api.create_table_redshift scheduled__2023-10-12T00:00:00+00:00 [queued]>
[2023-10-13 21:16:51,888] {taskinstance.py:1376} INFO - 
--------------------------------------------------------------------------------
[2023-10-13 21:16:51,888] {taskinstance.py:1377} INFO - Starting attempt 22 of 27
[2023-10-13 21:16:51,889] {taskinstance.py:1378} INFO - 
--------------------------------------------------------------------------------
[2023-10-13 21:16:51,901] {taskinstance.py:1397} INFO - Executing <Task(PythonOperator): create_table_redshift> on 2023-10-12 00:00:00+00:00
[2023-10-13 21:16:51,904] {standard_task_runner.py:52} INFO - Started process 191 to run task
[2023-10-13 21:16:51,905] {standard_task_runner.py:79} INFO - Running: ['***', 'tasks', 'run', 'consultar_info_covid_api', 'create_table_redshift', 'scheduled__2023-10-12T00:00:00+00:00', '--job-id', '418', '--raw', '--subdir', 'DAGS_FOLDER/api_covid.py', '--cfg-path', '/tmp/tmprj917y33', '--error-file', '/tmp/tmpizvsocb1']
[2023-10-13 21:16:51,906] {standard_task_runner.py:80} INFO - Job 418: Subtask create_table_redshift
[2023-10-13 21:16:51,945] {task_command.py:371} INFO - Running <TaskInstance: consultar_info_covid_api.create_table_redshift scheduled__2023-10-12T00:00:00+00:00 [running]> on host 738c88afe20a
[2023-10-13 21:16:51,993] {taskinstance.py:1591} INFO - Exporting the following env vars:
AIRFLOW_CTX_DAG_OWNER=Axel Villegas Luna
AIRFLOW_CTX_DAG_ID=consultar_info_covid_api
AIRFLOW_CTX_TASK_ID=create_table_redshift
AIRFLOW_CTX_EXECUTION_DATE=2023-10-12T00:00:00+00:00
AIRFLOW_CTX_TRY_NUMBER=22
AIRFLOW_CTX_DAG_RUN_ID=scheduled__2023-10-12T00:00:00+00:00
[2023-10-13 21:16:53,621] {python.py:173} INFO - Done. Returned value was: None
[2023-10-13 21:16:53,630] {taskinstance.py:1420} INFO - Marking task as SUCCESS. dag_id=consultar_info_covid_api, task_id=create_table_redshift, execution_date=20231012T000000, start_date=20231013T211651, end_date=20231013T211653
[2023-10-13 21:16:53,681] {local_task_job.py:156} INFO - Task exited with return code 0
[2023-10-13 21:16:53,715] {local_task_job.py:273} INFO - 0 downstream tasks scheduled from follow-on schedule check
