[2023-10-13 21:32:09,515] {taskinstance.py:1179} INFO - Dependencies all met for <TaskInstance: consultar_info_covid_api.create_table_redshift scheduled__2023-10-12T00:00:00+00:00 [queued]>
[2023-10-13 21:32:09,520] {taskinstance.py:1179} INFO - Dependencies all met for <TaskInstance: consultar_info_covid_api.create_table_redshift scheduled__2023-10-12T00:00:00+00:00 [queued]>
[2023-10-13 21:32:09,520] {taskinstance.py:1376} INFO - 
--------------------------------------------------------------------------------
[2023-10-13 21:32:09,521] {taskinstance.py:1377} INFO - Starting attempt 27 of 32
[2023-10-13 21:32:09,521] {taskinstance.py:1378} INFO - 
--------------------------------------------------------------------------------
[2023-10-13 21:32:09,532] {taskinstance.py:1397} INFO - Executing <Task(PythonOperator): create_table_redshift> on 2023-10-12 00:00:00+00:00
[2023-10-13 21:32:09,535] {standard_task_runner.py:52} INFO - Started process 197 to run task
[2023-10-13 21:32:09,536] {standard_task_runner.py:79} INFO - Running: ['***', 'tasks', 'run', 'consultar_info_covid_api', 'create_table_redshift', 'scheduled__2023-10-12T00:00:00+00:00', '--job-id', '438', '--raw', '--subdir', 'DAGS_FOLDER/api_covid.py', '--cfg-path', '/tmp/tmpd7c3i5fb', '--error-file', '/tmp/tmpf_dkfg4f']
[2023-10-13 21:32:09,537] {standard_task_runner.py:80} INFO - Job 438: Subtask create_table_redshift
[2023-10-13 21:32:09,575] {task_command.py:371} INFO - Running <TaskInstance: consultar_info_covid_api.create_table_redshift scheduled__2023-10-12T00:00:00+00:00 [running]> on host 738c88afe20a
[2023-10-13 21:32:09,620] {taskinstance.py:1591} INFO - Exporting the following env vars:
AIRFLOW_CTX_DAG_OWNER=Axel Villegas Luna
AIRFLOW_CTX_DAG_ID=consultar_info_covid_api
AIRFLOW_CTX_TASK_ID=create_table_redshift
AIRFLOW_CTX_EXECUTION_DATE=2023-10-12T00:00:00+00:00
AIRFLOW_CTX_TRY_NUMBER=27
AIRFLOW_CTX_DAG_RUN_ID=scheduled__2023-10-12T00:00:00+00:00
[2023-10-13 21:32:11,239] {python.py:173} INFO - Done. Returned value was: None
[2023-10-13 21:32:11,275] {taskinstance.py:1420} INFO - Marking task as SUCCESS. dag_id=consultar_info_covid_api, task_id=create_table_redshift, execution_date=20231012T000000, start_date=20231013T213209, end_date=20231013T213211
[2023-10-13 21:32:11,312] {local_task_job.py:156} INFO - Task exited with return code 0
[2023-10-13 21:32:11,339] {local_task_job.py:273} INFO - 1 downstream tasks scheduled from follow-on schedule check
