[2023-10-13 21:13:48,100] {taskinstance.py:1179} INFO - Dependencies all met for <TaskInstance: consultar_info_covid_api.create_table_redshift scheduled__2023-10-12T00:00:00+00:00 [queued]>
[2023-10-13 21:13:48,107] {taskinstance.py:1179} INFO - Dependencies all met for <TaskInstance: consultar_info_covid_api.create_table_redshift scheduled__2023-10-12T00:00:00+00:00 [queued]>
[2023-10-13 21:13:48,107] {taskinstance.py:1376} INFO - 
--------------------------------------------------------------------------------
[2023-10-13 21:13:48,108] {taskinstance.py:1377} INFO - Starting attempt 21 of 26
[2023-10-13 21:13:48,108] {taskinstance.py:1378} INFO - 
--------------------------------------------------------------------------------
[2023-10-13 21:13:48,122] {taskinstance.py:1397} INFO - Executing <Task(PythonOperator): create_table_redshift> on 2023-10-12 00:00:00+00:00
[2023-10-13 21:13:48,124] {standard_task_runner.py:52} INFO - Started process 191 to run task
[2023-10-13 21:13:48,126] {standard_task_runner.py:79} INFO - Running: ['***', 'tasks', 'run', 'consultar_info_covid_api', 'create_table_redshift', 'scheduled__2023-10-12T00:00:00+00:00', '--job-id', '414', '--raw', '--subdir', 'DAGS_FOLDER/api_covid.py', '--cfg-path', '/tmp/tmp91eff4rp', '--error-file', '/tmp/tmp94e93gav']
[2023-10-13 21:13:48,127] {standard_task_runner.py:80} INFO - Job 414: Subtask create_table_redshift
[2023-10-13 21:13:48,171] {task_command.py:371} INFO - Running <TaskInstance: consultar_info_covid_api.create_table_redshift scheduled__2023-10-12T00:00:00+00:00 [running]> on host 738c88afe20a
[2023-10-13 21:13:48,226] {taskinstance.py:1591} INFO - Exporting the following env vars:
AIRFLOW_CTX_DAG_OWNER=Axel Villegas Luna
AIRFLOW_CTX_DAG_ID=consultar_info_covid_api
AIRFLOW_CTX_TASK_ID=create_table_redshift
AIRFLOW_CTX_EXECUTION_DATE=2023-10-12T00:00:00+00:00
AIRFLOW_CTX_TRY_NUMBER=21
AIRFLOW_CTX_DAG_RUN_ID=scheduled__2023-10-12T00:00:00+00:00
[2023-10-13 21:13:49,842] {python.py:173} INFO - Done. Returned value was: None
[2023-10-13 21:13:49,851] {taskinstance.py:1420} INFO - Marking task as SUCCESS. dag_id=consultar_info_covid_api, task_id=create_table_redshift, execution_date=20231012T000000, start_date=20231013T211348, end_date=20231013T211349
[2023-10-13 21:13:49,902] {local_task_job.py:156} INFO - Task exited with return code 0
[2023-10-13 21:13:49,928] {local_task_job.py:273} INFO - 1 downstream tasks scheduled from follow-on schedule check
