[2023-10-13 21:53:23,921] {taskinstance.py:1179} INFO - Dependencies all met for <TaskInstance: consultar_info_covid_api.create_table_redshift scheduled__2023-10-12T00:00:00+00:00 [queued]>
[2023-10-13 21:53:23,928] {taskinstance.py:1179} INFO - Dependencies all met for <TaskInstance: consultar_info_covid_api.create_table_redshift scheduled__2023-10-12T00:00:00+00:00 [queued]>
[2023-10-13 21:53:23,928] {taskinstance.py:1376} INFO - 
--------------------------------------------------------------------------------
[2023-10-13 21:53:23,928] {taskinstance.py:1377} INFO - Starting attempt 28 of 33
[2023-10-13 21:53:23,929] {taskinstance.py:1378} INFO - 
--------------------------------------------------------------------------------
[2023-10-13 21:53:23,939] {taskinstance.py:1397} INFO - Executing <Task(PythonOperator): create_table_redshift> on 2023-10-12 00:00:00+00:00
[2023-10-13 21:53:23,942] {standard_task_runner.py:52} INFO - Started process 192 to run task
[2023-10-13 21:53:23,943] {standard_task_runner.py:79} INFO - Running: ['***', 'tasks', 'run', 'consultar_info_covid_api', 'create_table_redshift', 'scheduled__2023-10-12T00:00:00+00:00', '--job-id', '442', '--raw', '--subdir', 'DAGS_FOLDER/api_covid.py', '--cfg-path', '/tmp/tmpyqcecsts', '--error-file', '/tmp/tmp562t1vim']
[2023-10-13 21:53:23,944] {standard_task_runner.py:80} INFO - Job 442: Subtask create_table_redshift
[2023-10-13 21:53:23,983] {task_command.py:371} INFO - Running <TaskInstance: consultar_info_covid_api.create_table_redshift scheduled__2023-10-12T00:00:00+00:00 [running]> on host 0e92a8b2a8ab
[2023-10-13 21:53:24,037] {taskinstance.py:1591} INFO - Exporting the following env vars:
AIRFLOW_CTX_DAG_OWNER=Axel Villegas Luna
AIRFLOW_CTX_DAG_ID=consultar_info_covid_api
AIRFLOW_CTX_TASK_ID=create_table_redshift
AIRFLOW_CTX_EXECUTION_DATE=2023-10-12T00:00:00+00:00
AIRFLOW_CTX_TRY_NUMBER=28
AIRFLOW_CTX_DAG_RUN_ID=scheduled__2023-10-12T00:00:00+00:00
[2023-10-13 21:53:25,653] {python.py:173} INFO - Done. Returned value was: None
[2023-10-13 21:53:25,662] {taskinstance.py:1420} INFO - Marking task as SUCCESS. dag_id=consultar_info_covid_api, task_id=create_table_redshift, execution_date=20231012T000000, start_date=20231013T215323, end_date=20231013T215325
[2023-10-13 21:53:25,679] {local_task_job.py:156} INFO - Task exited with return code 0
[2023-10-13 21:53:25,705] {local_task_job.py:273} INFO - 1 downstream tasks scheduled from follow-on schedule check
