[2023-10-13 19:39:26,284] {taskinstance.py:1179} INFO - Dependencies all met for <TaskInstance: consultar_info_covid_api.create_table_redshift scheduled__2023-10-12T00:00:00+00:00 [queued]>
[2023-10-13 19:39:26,290] {taskinstance.py:1179} INFO - Dependencies all met for <TaskInstance: consultar_info_covid_api.create_table_redshift scheduled__2023-10-12T00:00:00+00:00 [queued]>
[2023-10-13 19:39:26,290] {taskinstance.py:1376} INFO - 
--------------------------------------------------------------------------------
[2023-10-13 19:39:26,291] {taskinstance.py:1377} INFO - Starting attempt 15 of 20
[2023-10-13 19:39:26,291] {taskinstance.py:1378} INFO - 
--------------------------------------------------------------------------------
[2023-10-13 19:39:26,302] {taskinstance.py:1397} INFO - Executing <Task(PythonOperator): create_table_redshift> on 2023-10-12 00:00:00+00:00
[2023-10-13 19:39:26,304] {standard_task_runner.py:52} INFO - Started process 198 to run task
[2023-10-13 19:39:26,306] {standard_task_runner.py:79} INFO - Running: ['***', 'tasks', 'run', 'consultar_info_covid_api', 'create_table_redshift', 'scheduled__2023-10-12T00:00:00+00:00', '--job-id', '394', '--raw', '--subdir', 'DAGS_FOLDER/api_covid.py', '--cfg-path', '/tmp/tmpmek73bim', '--error-file', '/tmp/tmpgdvu6ty9']
[2023-10-13 19:39:26,306] {standard_task_runner.py:80} INFO - Job 394: Subtask create_table_redshift
[2023-10-13 19:39:26,345] {task_command.py:371} INFO - Running <TaskInstance: consultar_info_covid_api.create_table_redshift scheduled__2023-10-12T00:00:00+00:00 [running]> on host 738c88afe20a
[2023-10-13 19:39:26,391] {taskinstance.py:1591} INFO - Exporting the following env vars:
AIRFLOW_CTX_DAG_OWNER=Axel Villegas Luna
AIRFLOW_CTX_DAG_ID=consultar_info_covid_api
AIRFLOW_CTX_TASK_ID=create_table_redshift
AIRFLOW_CTX_EXECUTION_DATE=2023-10-12T00:00:00+00:00
AIRFLOW_CTX_TRY_NUMBER=15
AIRFLOW_CTX_DAG_RUN_ID=scheduled__2023-10-12T00:00:00+00:00
[2023-10-13 19:39:28,014] {python.py:173} INFO - Done. Returned value was: None
[2023-10-13 19:39:28,024] {taskinstance.py:1420} INFO - Marking task as SUCCESS. dag_id=consultar_info_covid_api, task_id=create_table_redshift, execution_date=20231012T000000, start_date=20231013T193926, end_date=20231013T193928
[2023-10-13 19:39:28,042] {local_task_job.py:156} INFO - Task exited with return code 0
[2023-10-13 19:39:28,070] {local_task_job.py:273} INFO - 0 downstream tasks scheduled from follow-on schedule check
