[2023-10-13 19:07:52,422] {taskinstance.py:1179} INFO - Dependencies all met for <TaskInstance: consultar_info_covid_api.create_table_redshift scheduled__2023-10-12T00:00:00+00:00 [queued]>
[2023-10-13 19:07:52,428] {taskinstance.py:1179} INFO - Dependencies all met for <TaskInstance: consultar_info_covid_api.create_table_redshift scheduled__2023-10-12T00:00:00+00:00 [queued]>
[2023-10-13 19:07:52,428] {taskinstance.py:1376} INFO - 
--------------------------------------------------------------------------------
[2023-10-13 19:07:52,428] {taskinstance.py:1377} INFO - Starting attempt 10 of 15
[2023-10-13 19:07:52,429] {taskinstance.py:1378} INFO - 
--------------------------------------------------------------------------------
[2023-10-13 19:07:52,440] {taskinstance.py:1397} INFO - Executing <Task(PythonOperator): create_table_redshift> on 2023-10-12 00:00:00+00:00
[2023-10-13 19:07:52,442] {standard_task_runner.py:52} INFO - Started process 191 to run task
[2023-10-13 19:07:52,444] {standard_task_runner.py:79} INFO - Running: ['***', 'tasks', 'run', 'consultar_info_covid_api', 'create_table_redshift', 'scheduled__2023-10-12T00:00:00+00:00', '--job-id', '374', '--raw', '--subdir', 'DAGS_FOLDER/api_covid.py', '--cfg-path', '/tmp/tmp6dpq7enw', '--error-file', '/tmp/tmp5vjeqgjp']
[2023-10-13 19:07:52,444] {standard_task_runner.py:80} INFO - Job 374: Subtask create_table_redshift
[2023-10-13 19:07:52,483] {task_command.py:371} INFO - Running <TaskInstance: consultar_info_covid_api.create_table_redshift scheduled__2023-10-12T00:00:00+00:00 [running]> on host 738c88afe20a
[2023-10-13 19:07:52,528] {taskinstance.py:1591} INFO - Exporting the following env vars:
AIRFLOW_CTX_DAG_OWNER=Axel Villegas Luna
AIRFLOW_CTX_DAG_ID=consultar_info_covid_api
AIRFLOW_CTX_TASK_ID=create_table_redshift
AIRFLOW_CTX_EXECUTION_DATE=2023-10-12T00:00:00+00:00
AIRFLOW_CTX_TRY_NUMBER=10
AIRFLOW_CTX_DAG_RUN_ID=scheduled__2023-10-12T00:00:00+00:00
[2023-10-13 19:07:54,162] {python.py:173} INFO - Done. Returned value was: None
[2023-10-13 19:07:54,170] {taskinstance.py:1420} INFO - Marking task as SUCCESS. dag_id=consultar_info_covid_api, task_id=create_table_redshift, execution_date=20231012T000000, start_date=20231013T190752, end_date=20231013T190754
[2023-10-13 19:07:54,219] {local_task_job.py:156} INFO - Task exited with return code 0
[2023-10-13 19:07:54,245] {local_task_job.py:273} INFO - 1 downstream tasks scheduled from follow-on schedule check
