[2023-10-13 18:56:37,170] {taskinstance.py:1179} INFO - Dependencies all met for <TaskInstance: consultar_info_covid_api.create_table_redshift scheduled__2023-10-12T00:00:00+00:00 [queued]>
[2023-10-13 18:56:37,176] {taskinstance.py:1179} INFO - Dependencies all met for <TaskInstance: consultar_info_covid_api.create_table_redshift scheduled__2023-10-12T00:00:00+00:00 [queued]>
[2023-10-13 18:56:37,177] {taskinstance.py:1376} INFO - 
--------------------------------------------------------------------------------
[2023-10-13 18:56:37,177] {taskinstance.py:1377} INFO - Starting attempt 9 of 14
[2023-10-13 18:56:37,178] {taskinstance.py:1378} INFO - 
--------------------------------------------------------------------------------
[2023-10-13 18:56:37,192] {taskinstance.py:1397} INFO - Executing <Task(PythonOperator): create_table_redshift> on 2023-10-12 00:00:00+00:00
[2023-10-13 18:56:37,195] {standard_task_runner.py:52} INFO - Started process 191 to run task
[2023-10-13 18:56:37,196] {standard_task_runner.py:79} INFO - Running: ['***', 'tasks', 'run', 'consultar_info_covid_api', 'create_table_redshift', 'scheduled__2023-10-12T00:00:00+00:00', '--job-id', '370', '--raw', '--subdir', 'DAGS_FOLDER/api_covid.py', '--cfg-path', '/tmp/tmp16jcrj41', '--error-file', '/tmp/tmp0qmi_66n']
[2023-10-13 18:56:37,197] {standard_task_runner.py:80} INFO - Job 370: Subtask create_table_redshift
[2023-10-13 18:56:37,237] {task_command.py:371} INFO - Running <TaskInstance: consultar_info_covid_api.create_table_redshift scheduled__2023-10-12T00:00:00+00:00 [running]> on host 738c88afe20a
[2023-10-13 18:56:37,285] {taskinstance.py:1591} INFO - Exporting the following env vars:
AIRFLOW_CTX_DAG_OWNER=Axel Villegas Luna
AIRFLOW_CTX_DAG_ID=consultar_info_covid_api
AIRFLOW_CTX_TASK_ID=create_table_redshift
AIRFLOW_CTX_EXECUTION_DATE=2023-10-12T00:00:00+00:00
AIRFLOW_CTX_TRY_NUMBER=9
AIRFLOW_CTX_DAG_RUN_ID=scheduled__2023-10-12T00:00:00+00:00
[2023-10-13 18:56:38,913] {python.py:173} INFO - Done. Returned value was: None
[2023-10-13 18:56:38,921] {taskinstance.py:1420} INFO - Marking task as SUCCESS. dag_id=consultar_info_covid_api, task_id=create_table_redshift, execution_date=20231012T000000, start_date=20231013T185637, end_date=20231013T185638
[2023-10-13 18:56:38,972] {local_task_job.py:156} INFO - Task exited with return code 0
[2023-10-13 18:56:39,003] {local_task_job.py:273} INFO - 0 downstream tasks scheduled from follow-on schedule check
