[2023-10-03 00:34:18,608] {taskinstance.py:1179} INFO - Dependencies all met for <TaskInstance: consultar_info_covid_api.load_data_redshift scheduled__2023-10-02T00:00:00+00:00 [queued]>
[2023-10-03 00:34:18,614] {taskinstance.py:1179} INFO - Dependencies all met for <TaskInstance: consultar_info_covid_api.load_data_redshift scheduled__2023-10-02T00:00:00+00:00 [queued]>
[2023-10-03 00:34:18,614] {taskinstance.py:1376} INFO - 
--------------------------------------------------------------------------------
[2023-10-03 00:34:18,615] {taskinstance.py:1377} INFO - Starting attempt 2 of 7
[2023-10-03 00:34:18,615] {taskinstance.py:1378} INFO - 
--------------------------------------------------------------------------------
[2023-10-03 00:34:18,625] {taskinstance.py:1397} INFO - Executing <Task(PythonOperator): load_data_redshift> on 2023-10-02 00:00:00+00:00
[2023-10-03 00:34:18,627] {standard_task_runner.py:52} INFO - Started process 281 to run task
[2023-10-03 00:34:18,629] {standard_task_runner.py:79} INFO - Running: ['***', 'tasks', 'run', 'consultar_info_covid_api', 'load_data_redshift', 'scheduled__2023-10-02T00:00:00+00:00', '--job-id', '296', '--raw', '--subdir', 'DAGS_FOLDER/api_covid.py', '--cfg-path', '/tmp/tmpwsj613kz', '--error-file', '/tmp/tmpmk2pv2zm']
[2023-10-03 00:34:18,630] {standard_task_runner.py:80} INFO - Job 296: Subtask load_data_redshift
[2023-10-03 00:34:18,664] {task_command.py:371} INFO - Running <TaskInstance: consultar_info_covid_api.load_data_redshift scheduled__2023-10-02T00:00:00+00:00 [running]> on host 607b1a507b9c
[2023-10-03 00:34:18,707] {taskinstance.py:1591} INFO - Exporting the following env vars:
AIRFLOW_CTX_DAG_OWNER=Axel Villegas Luna
AIRFLOW_CTX_DAG_ID=consultar_info_covid_api
AIRFLOW_CTX_TASK_ID=load_data_redshift
AIRFLOW_CTX_EXECUTION_DATE=2023-10-02T00:00:00+00:00
AIRFLOW_CTX_TRY_NUMBER=2
AIRFLOW_CTX_DAG_RUN_ID=scheduled__2023-10-02T00:00:00+00:00
[2023-10-03 00:35:25,324] {python.py:173} INFO - Done. Returned value was: None
[2023-10-03 00:35:25,332] {taskinstance.py:1420} INFO - Marking task as SUCCESS. dag_id=consultar_info_covid_api, task_id=load_data_redshift, execution_date=20231002T000000, start_date=20231003T003418, end_date=20231003T003525
[2023-10-03 00:35:25,349] {local_task_job.py:156} INFO - Task exited with return code 0
[2023-10-03 00:35:25,367] {local_task_job.py:273} INFO - 0 downstream tasks scheduled from follow-on schedule check
