[2023-10-03 00:32:03,564] {taskinstance.py:1179} INFO - Dependencies all met for <TaskInstance: consultar_info_covid_api.load_data_redshift scheduled__2023-10-02T00:00:00+00:00 [queued]>
[2023-10-03 00:32:03,571] {taskinstance.py:1179} INFO - Dependencies all met for <TaskInstance: consultar_info_covid_api.load_data_redshift scheduled__2023-10-02T00:00:00+00:00 [queued]>
[2023-10-03 00:32:03,571] {taskinstance.py:1376} INFO - 
--------------------------------------------------------------------------------
[2023-10-03 00:32:03,571] {taskinstance.py:1377} INFO - Starting attempt 1 of 6
[2023-10-03 00:32:03,572] {taskinstance.py:1378} INFO - 
--------------------------------------------------------------------------------
[2023-10-03 00:32:03,581] {taskinstance.py:1397} INFO - Executing <Task(PythonOperator): load_data_redshift> on 2023-10-02 00:00:00+00:00
[2023-10-03 00:32:03,584] {standard_task_runner.py:52} INFO - Started process 206 to run task
[2023-10-03 00:32:03,585] {standard_task_runner.py:79} INFO - Running: ['***', 'tasks', 'run', 'consultar_info_covid_api', 'load_data_redshift', 'scheduled__2023-10-02T00:00:00+00:00', '--job-id', '293', '--raw', '--subdir', 'DAGS_FOLDER/api_covid.py', '--cfg-path', '/tmp/tmpva5qf9a3', '--error-file', '/tmp/tmpzcx2s6_f']
[2023-10-03 00:32:03,586] {standard_task_runner.py:80} INFO - Job 293: Subtask load_data_redshift
[2023-10-03 00:32:03,619] {task_command.py:371} INFO - Running <TaskInstance: consultar_info_covid_api.load_data_redshift scheduled__2023-10-02T00:00:00+00:00 [running]> on host 607b1a507b9c
[2023-10-03 00:32:03,662] {taskinstance.py:1591} INFO - Exporting the following env vars:
AIRFLOW_CTX_DAG_OWNER=Axel Villegas Luna
AIRFLOW_CTX_DAG_ID=consultar_info_covid_api
AIRFLOW_CTX_TASK_ID=load_data_redshift
AIRFLOW_CTX_EXECUTION_DATE=2023-10-02T00:00:00+00:00
AIRFLOW_CTX_TRY_NUMBER=1
AIRFLOW_CTX_DAG_RUN_ID=scheduled__2023-10-02T00:00:00+00:00
[2023-10-03 00:33:14,727] {python.py:173} INFO - Done. Returned value was: None
[2023-10-03 00:33:14,735] {taskinstance.py:1420} INFO - Marking task as SUCCESS. dag_id=consultar_info_covid_api, task_id=load_data_redshift, execution_date=20231002T000000, start_date=20231003T003203, end_date=20231003T003314
[2023-10-03 00:33:14,766] {local_task_job.py:156} INFO - Task exited with return code 0
[2023-10-03 00:33:14,785] {local_task_job.py:273} INFO - 1 downstream tasks scheduled from follow-on schedule check
