[2023-10-12 22:24:54,532] {taskinstance.py:1179} INFO - Dependencies all met for <TaskInstance: consultar_info_covid_api.load_data_redshift scheduled__2023-10-09T00:00:00+00:00 [queued]>
[2023-10-12 22:24:54,538] {taskinstance.py:1179} INFO - Dependencies all met for <TaskInstance: consultar_info_covid_api.load_data_redshift scheduled__2023-10-09T00:00:00+00:00 [queued]>
[2023-10-12 22:24:54,539] {taskinstance.py:1376} INFO - 
--------------------------------------------------------------------------------
[2023-10-12 22:24:54,539] {taskinstance.py:1377} INFO - Starting attempt 1 of 6
[2023-10-12 22:24:54,539] {taskinstance.py:1378} INFO - 
--------------------------------------------------------------------------------
[2023-10-12 22:24:54,552] {taskinstance.py:1397} INFO - Executing <Task(PythonOperator): load_data_redshift> on 2023-10-09 00:00:00+00:00
[2023-10-12 22:24:54,557] {standard_task_runner.py:52} INFO - Started process 236 to run task
[2023-10-12 22:24:54,559] {standard_task_runner.py:79} INFO - Running: ['***', 'tasks', 'run', 'consultar_info_covid_api', 'load_data_redshift', 'scheduled__2023-10-09T00:00:00+00:00', '--job-id', '327', '--raw', '--subdir', 'DAGS_FOLDER/api_covid.py', '--cfg-path', '/tmp/tmpdw5pql31', '--error-file', '/tmp/tmp0a600_fx']
[2023-10-12 22:24:54,560] {standard_task_runner.py:80} INFO - Job 327: Subtask load_data_redshift
[2023-10-12 22:24:54,599] {task_command.py:371} INFO - Running <TaskInstance: consultar_info_covid_api.load_data_redshift scheduled__2023-10-09T00:00:00+00:00 [running]> on host c3b9dbaf4cf7
[2023-10-12 22:24:54,647] {taskinstance.py:1591} INFO - Exporting the following env vars:
AIRFLOW_CTX_DAG_OWNER=Axel Villegas Luna
AIRFLOW_CTX_DAG_ID=consultar_info_covid_api
AIRFLOW_CTX_TASK_ID=load_data_redshift
AIRFLOW_CTX_EXECUTION_DATE=2023-10-09T00:00:00+00:00
AIRFLOW_CTX_TRY_NUMBER=1
AIRFLOW_CTX_DAG_RUN_ID=scheduled__2023-10-09T00:00:00+00:00
[2023-10-12 22:27:14,258] {python.py:173} INFO - Done. Returned value was: None
[2023-10-12 22:27:14,268] {taskinstance.py:1420} INFO - Marking task as SUCCESS. dag_id=consultar_info_covid_api, task_id=load_data_redshift, execution_date=20231009T000000, start_date=20231012T222454, end_date=20231012T222714
[2023-10-12 22:27:14,307] {local_task_job.py:156} INFO - Task exited with return code 0
[2023-10-12 22:27:14,327] {local_task_job.py:273} INFO - 1 downstream tasks scheduled from follow-on schedule check
