[2023-10-12 22:24:49,824] {taskinstance.py:1179} INFO - Dependencies all met for <TaskInstance: consultar_info_covid_api.create_table_redshift scheduled__2023-10-09T00:00:00+00:00 [queued]>
[2023-10-12 22:24:49,834] {taskinstance.py:1179} INFO - Dependencies all met for <TaskInstance: consultar_info_covid_api.create_table_redshift scheduled__2023-10-09T00:00:00+00:00 [queued]>
[2023-10-12 22:24:49,835] {taskinstance.py:1376} INFO - 
--------------------------------------------------------------------------------
[2023-10-12 22:24:49,835] {taskinstance.py:1377} INFO - Starting attempt 1 of 6
[2023-10-12 22:24:49,836] {taskinstance.py:1378} INFO - 
--------------------------------------------------------------------------------
[2023-10-12 22:24:49,848] {taskinstance.py:1397} INFO - Executing <Task(PythonOperator): create_table_redshift> on 2023-10-09 00:00:00+00:00
[2023-10-12 22:24:49,852] {standard_task_runner.py:52} INFO - Started process 207 to run task
[2023-10-12 22:24:49,854] {standard_task_runner.py:79} INFO - Running: ['***', 'tasks', 'run', 'consultar_info_covid_api', 'create_table_redshift', 'scheduled__2023-10-09T00:00:00+00:00', '--job-id', '316', '--raw', '--subdir', 'DAGS_FOLDER/api_covid.py', '--cfg-path', '/tmp/tmp0_g0ui1a', '--error-file', '/tmp/tmpswb59ug2']
[2023-10-12 22:24:49,855] {standard_task_runner.py:80} INFO - Job 316: Subtask create_table_redshift
[2023-10-12 22:24:49,916] {task_command.py:371} INFO - Running <TaskInstance: consultar_info_covid_api.create_table_redshift scheduled__2023-10-09T00:00:00+00:00 [running]> on host c3b9dbaf4cf7
[2023-10-12 22:24:49,986] {taskinstance.py:1591} INFO - Exporting the following env vars:
AIRFLOW_CTX_DAG_OWNER=Axel Villegas Luna
AIRFLOW_CTX_DAG_ID=consultar_info_covid_api
AIRFLOW_CTX_TASK_ID=create_table_redshift
AIRFLOW_CTX_EXECUTION_DATE=2023-10-09T00:00:00+00:00
AIRFLOW_CTX_TRY_NUMBER=1
AIRFLOW_CTX_DAG_RUN_ID=scheduled__2023-10-09T00:00:00+00:00
[2023-10-12 22:24:51,580] {python.py:173} INFO - Done. Returned value was: None
[2023-10-12 22:24:51,615] {taskinstance.py:1420} INFO - Marking task as SUCCESS. dag_id=consultar_info_covid_api, task_id=create_table_redshift, execution_date=20231009T000000, start_date=20231012T222449, end_date=20231012T222451
[2023-10-12 22:24:51,671] {local_task_job.py:156} INFO - Task exited with return code 0
[2023-10-12 22:24:51,705] {local_task_job.py:273} INFO - 1 downstream tasks scheduled from follow-on schedule check
