[2023-10-13 18:26:22,907] {taskinstance.py:1179} INFO - Dependencies all met for <TaskInstance: consultar_info_covid_api.update_param_redshift scheduled__2023-10-12T00:00:00+00:00 [queued]>
[2023-10-13 18:26:22,913] {taskinstance.py:1179} INFO - Dependencies all met for <TaskInstance: consultar_info_covid_api.update_param_redshift scheduled__2023-10-12T00:00:00+00:00 [queued]>
[2023-10-13 18:26:22,914] {taskinstance.py:1376} INFO - 
--------------------------------------------------------------------------------
[2023-10-13 18:26:22,914] {taskinstance.py:1377} INFO - Starting attempt 3 of 8
[2023-10-13 18:26:22,914] {taskinstance.py:1378} INFO - 
--------------------------------------------------------------------------------
[2023-10-13 18:26:22,927] {taskinstance.py:1397} INFO - Executing <Task(PythonOperator): update_param_redshift> on 2023-10-12 00:00:00+00:00
[2023-10-13 18:26:22,931] {standard_task_runner.py:52} INFO - Started process 239 to run task
[2023-10-13 18:26:22,932] {standard_task_runner.py:79} INFO - Running: ['***', 'tasks', 'run', 'consultar_info_covid_api', 'update_param_redshift', 'scheduled__2023-10-12T00:00:00+00:00', '--job-id', '356', '--raw', '--subdir', 'DAGS_FOLDER/api_covid.py', '--cfg-path', '/tmp/tmp_0ees599', '--error-file', '/tmp/tmp9iv5326t']
[2023-10-13 18:26:22,933] {standard_task_runner.py:80} INFO - Job 356: Subtask update_param_redshift
[2023-10-13 18:26:22,971] {task_command.py:371} INFO - Running <TaskInstance: consultar_info_covid_api.update_param_redshift scheduled__2023-10-12T00:00:00+00:00 [running]> on host 738c88afe20a
[2023-10-13 18:26:23,017] {taskinstance.py:1591} INFO - Exporting the following env vars:
AIRFLOW_CTX_DAG_OWNER=Axel Villegas Luna
AIRFLOW_CTX_DAG_ID=consultar_info_covid_api
AIRFLOW_CTX_TASK_ID=update_param_redshift
AIRFLOW_CTX_EXECUTION_DATE=2023-10-12T00:00:00+00:00
AIRFLOW_CTX_TRY_NUMBER=3
AIRFLOW_CTX_DAG_RUN_ID=scheduled__2023-10-12T00:00:00+00:00
[2023-10-13 18:26:24,733] {python.py:173} INFO - Done. Returned value was: None
[2023-10-13 18:26:24,741] {taskinstance.py:1420} INFO - Marking task as SUCCESS. dag_id=consultar_info_covid_api, task_id=update_param_redshift, execution_date=20231012T000000, start_date=20231013T182622, end_date=20231013T182624
[2023-10-13 18:26:24,788] {local_task_job.py:156} INFO - Task exited with return code 0
[2023-10-13 18:26:24,807] {local_task_job.py:273} INFO - 0 downstream tasks scheduled from follow-on schedule check
