[2023-10-13 18:30:24,524] {taskinstance.py:1179} INFO - Dependencies all met for <TaskInstance: consultar_info_covid_api.update_param_redshift scheduled__2023-10-12T00:00:00+00:00 [queued]>
[2023-10-13 18:30:24,530] {taskinstance.py:1179} INFO - Dependencies all met for <TaskInstance: consultar_info_covid_api.update_param_redshift scheduled__2023-10-12T00:00:00+00:00 [queued]>
[2023-10-13 18:30:24,531] {taskinstance.py:1376} INFO - 
--------------------------------------------------------------------------------
[2023-10-13 18:30:24,531] {taskinstance.py:1377} INFO - Starting attempt 4 of 9
[2023-10-13 18:30:24,531] {taskinstance.py:1378} INFO - 
--------------------------------------------------------------------------------
[2023-10-13 18:30:24,542] {taskinstance.py:1397} INFO - Executing <Task(PythonOperator): update_param_redshift> on 2023-10-12 00:00:00+00:00
[2023-10-13 18:30:24,545] {standard_task_runner.py:52} INFO - Started process 245 to run task
[2023-10-13 18:30:24,547] {standard_task_runner.py:79} INFO - Running: ['***', 'tasks', 'run', 'consultar_info_covid_api', 'update_param_redshift', 'scheduled__2023-10-12T00:00:00+00:00', '--job-id', '360', '--raw', '--subdir', 'DAGS_FOLDER/api_covid.py', '--cfg-path', '/tmp/tmptsvmihbp', '--error-file', '/tmp/tmpel4yg0fv']
[2023-10-13 18:30:24,547] {standard_task_runner.py:80} INFO - Job 360: Subtask update_param_redshift
[2023-10-13 18:30:24,585] {task_command.py:371} INFO - Running <TaskInstance: consultar_info_covid_api.update_param_redshift scheduled__2023-10-12T00:00:00+00:00 [running]> on host 738c88afe20a
[2023-10-13 18:30:24,631] {taskinstance.py:1591} INFO - Exporting the following env vars:
AIRFLOW_CTX_DAG_OWNER=Axel Villegas Luna
AIRFLOW_CTX_DAG_ID=consultar_info_covid_api
AIRFLOW_CTX_TASK_ID=update_param_redshift
AIRFLOW_CTX_EXECUTION_DATE=2023-10-12T00:00:00+00:00
AIRFLOW_CTX_TRY_NUMBER=4
AIRFLOW_CTX_DAG_RUN_ID=scheduled__2023-10-12T00:00:00+00:00
[2023-10-13 18:30:26,331] {python.py:173} INFO - Done. Returned value was: None
[2023-10-13 18:30:26,340] {taskinstance.py:1420} INFO - Marking task as SUCCESS. dag_id=consultar_info_covid_api, task_id=update_param_redshift, execution_date=20231012T000000, start_date=20231013T183024, end_date=20231013T183026
[2023-10-13 18:30:26,362] {local_task_job.py:156} INFO - Task exited with return code 0
[2023-10-13 18:30:26,384] {local_task_job.py:273} INFO - 0 downstream tasks scheduled from follow-on schedule check
