[2023-10-13 18:33:50,488] {taskinstance.py:1179} INFO - Dependencies all met for <TaskInstance: consultar_info_covid_api.update_param_redshift scheduled__2023-10-12T00:00:00+00:00 [queued]>
[2023-10-13 18:33:50,495] {taskinstance.py:1179} INFO - Dependencies all met for <TaskInstance: consultar_info_covid_api.update_param_redshift scheduled__2023-10-12T00:00:00+00:00 [queued]>
[2023-10-13 18:33:50,496] {taskinstance.py:1376} INFO - 
--------------------------------------------------------------------------------
[2023-10-13 18:33:50,496] {taskinstance.py:1377} INFO - Starting attempt 5 of 10
[2023-10-13 18:33:50,496] {taskinstance.py:1378} INFO - 
--------------------------------------------------------------------------------
[2023-10-13 18:33:50,508] {taskinstance.py:1397} INFO - Executing <Task(PythonOperator): update_param_redshift> on 2023-10-12 00:00:00+00:00
[2023-10-13 18:33:50,511] {standard_task_runner.py:52} INFO - Started process 251 to run task
[2023-10-13 18:33:50,512] {standard_task_runner.py:79} INFO - Running: ['***', 'tasks', 'run', 'consultar_info_covid_api', 'update_param_redshift', 'scheduled__2023-10-12T00:00:00+00:00', '--job-id', '364', '--raw', '--subdir', 'DAGS_FOLDER/api_covid.py', '--cfg-path', '/tmp/tmpb4teuq40', '--error-file', '/tmp/tmpul_sgwz5']
[2023-10-13 18:33:50,513] {standard_task_runner.py:80} INFO - Job 364: Subtask update_param_redshift
[2023-10-13 18:33:50,551] {task_command.py:371} INFO - Running <TaskInstance: consultar_info_covid_api.update_param_redshift scheduled__2023-10-12T00:00:00+00:00 [running]> on host 738c88afe20a
[2023-10-13 18:33:50,595] {taskinstance.py:1591} INFO - Exporting the following env vars:
AIRFLOW_CTX_DAG_OWNER=Axel Villegas Luna
AIRFLOW_CTX_DAG_ID=consultar_info_covid_api
AIRFLOW_CTX_TASK_ID=update_param_redshift
AIRFLOW_CTX_EXECUTION_DATE=2023-10-12T00:00:00+00:00
AIRFLOW_CTX_TRY_NUMBER=5
AIRFLOW_CTX_DAG_RUN_ID=scheduled__2023-10-12T00:00:00+00:00
[2023-10-13 18:33:52,292] {python.py:173} INFO - Done. Returned value was: None
[2023-10-13 18:33:52,301] {taskinstance.py:1420} INFO - Marking task as SUCCESS. dag_id=consultar_info_covid_api, task_id=update_param_redshift, execution_date=20231012T000000, start_date=20231013T183350, end_date=20231013T183352
[2023-10-13 18:33:52,327] {local_task_job.py:156} INFO - Task exited with return code 0
[2023-10-13 18:33:52,347] {local_task_job.py:273} INFO - 0 downstream tasks scheduled from follow-on schedule check
