[2023-10-03 00:35:27,199] {taskinstance.py:1179} INFO - Dependencies all met for <TaskInstance: consultar_info_covid_api.update_param_redshift scheduled__2023-10-02T00:00:00+00:00 [queued]>
[2023-10-03 00:35:27,205] {taskinstance.py:1179} INFO - Dependencies all met for <TaskInstance: consultar_info_covid_api.update_param_redshift scheduled__2023-10-02T00:00:00+00:00 [queued]>
[2023-10-03 00:35:27,206] {taskinstance.py:1376} INFO - 
--------------------------------------------------------------------------------
[2023-10-03 00:35:27,206] {taskinstance.py:1377} INFO - Starting attempt 4 of 9
[2023-10-03 00:35:27,206] {taskinstance.py:1378} INFO - 
--------------------------------------------------------------------------------
[2023-10-03 00:35:27,219] {taskinstance.py:1397} INFO - Executing <Task(PythonOperator): update_param_redshift> on 2023-10-02 00:00:00+00:00
[2023-10-03 00:35:27,222] {standard_task_runner.py:52} INFO - Started process 320 to run task
[2023-10-03 00:35:27,223] {standard_task_runner.py:79} INFO - Running: ['***', 'tasks', 'run', 'consultar_info_covid_api', 'update_param_redshift', 'scheduled__2023-10-02T00:00:00+00:00', '--job-id', '297', '--raw', '--subdir', 'DAGS_FOLDER/api_covid.py', '--cfg-path', '/tmp/tmp6ac0qwch', '--error-file', '/tmp/tmp2tavw7vc']
[2023-10-03 00:35:27,223] {standard_task_runner.py:80} INFO - Job 297: Subtask update_param_redshift
[2023-10-03 00:35:27,258] {task_command.py:371} INFO - Running <TaskInstance: consultar_info_covid_api.update_param_redshift scheduled__2023-10-02T00:00:00+00:00 [running]> on host 607b1a507b9c
[2023-10-03 00:35:27,301] {taskinstance.py:1591} INFO - Exporting the following env vars:
AIRFLOW_CTX_DAG_OWNER=Axel Villegas Luna
AIRFLOW_CTX_DAG_ID=consultar_info_covid_api
AIRFLOW_CTX_TASK_ID=update_param_redshift
AIRFLOW_CTX_EXECUTION_DATE=2023-10-02T00:00:00+00:00
AIRFLOW_CTX_TRY_NUMBER=4
AIRFLOW_CTX_DAG_RUN_ID=scheduled__2023-10-02T00:00:00+00:00
[2023-10-03 00:35:28,983] {python.py:173} INFO - Done. Returned value was: None
[2023-10-03 00:35:28,992] {taskinstance.py:1420} INFO - Marking task as SUCCESS. dag_id=consultar_info_covid_api, task_id=update_param_redshift, execution_date=20231002T000000, start_date=20231003T003527, end_date=20231003T003528
[2023-10-03 00:35:29,038] {local_task_job.py:156} INFO - Task exited with return code 0
[2023-10-03 00:35:29,056] {local_task_job.py:273} INFO - 0 downstream tasks scheduled from follow-on schedule check
