[2023-10-13 19:39:31,333] {taskinstance.py:1179} INFO - Dependencies all met for <TaskInstance: consultar_info_covid_api.load_data_redshift scheduled__2023-10-12T00:00:00+00:00 [queued]>
[2023-10-13 19:39:31,339] {taskinstance.py:1179} INFO - Dependencies all met for <TaskInstance: consultar_info_covid_api.load_data_redshift scheduled__2023-10-12T00:00:00+00:00 [queued]>
[2023-10-13 19:39:31,339] {taskinstance.py:1376} INFO - 
--------------------------------------------------------------------------------
[2023-10-13 19:39:31,339] {taskinstance.py:1377} INFO - Starting attempt 13 of 18
[2023-10-13 19:39:31,339] {taskinstance.py:1378} INFO - 
--------------------------------------------------------------------------------
[2023-10-13 19:39:31,351] {taskinstance.py:1397} INFO - Executing <Task(PythonOperator): load_data_redshift> on 2023-10-12 00:00:00+00:00
[2023-10-13 19:39:31,354] {standard_task_runner.py:52} INFO - Started process 201 to run task
[2023-10-13 19:39:31,355] {standard_task_runner.py:79} INFO - Running: ['***', 'tasks', 'run', 'consultar_info_covid_api', 'load_data_redshift', 'scheduled__2023-10-12T00:00:00+00:00', '--job-id', '395', '--raw', '--subdir', 'DAGS_FOLDER/api_covid.py', '--cfg-path', '/tmp/tmp7tbk3ma6', '--error-file', '/tmp/tmpbf125794']
[2023-10-13 19:39:31,356] {standard_task_runner.py:80} INFO - Job 395: Subtask load_data_redshift
[2023-10-13 19:39:31,396] {task_command.py:371} INFO - Running <TaskInstance: consultar_info_covid_api.load_data_redshift scheduled__2023-10-12T00:00:00+00:00 [running]> on host 738c88afe20a
[2023-10-13 19:39:31,442] {taskinstance.py:1591} INFO - Exporting the following env vars:
AIRFLOW_CTX_DAG_OWNER=Axel Villegas Luna
AIRFLOW_CTX_DAG_ID=consultar_info_covid_api
AIRFLOW_CTX_TASK_ID=load_data_redshift
AIRFLOW_CTX_EXECUTION_DATE=2023-10-12T00:00:00+00:00
AIRFLOW_CTX_TRY_NUMBER=13
AIRFLOW_CTX_DAG_RUN_ID=scheduled__2023-10-12T00:00:00+00:00
[2023-10-13 19:40:05,904] {logging_mixin.py:115} INFO - Exito
[2023-10-13 19:40:05,905] {python.py:173} INFO - Done. Returned value was: None
[2023-10-13 19:40:05,914] {taskinstance.py:1420} INFO - Marking task as SUCCESS. dag_id=consultar_info_covid_api, task_id=load_data_redshift, execution_date=20231012T000000, start_date=20231013T193931, end_date=20231013T194005
[2023-10-13 19:40:05,944] {local_task_job.py:156} INFO - Task exited with return code 0
[2023-10-13 19:40:05,963] {local_task_job.py:273} INFO - 1 downstream tasks scheduled from follow-on schedule check
