[2023-10-13 19:20:08,675] {taskinstance.py:1179} INFO - Dependencies all met for <TaskInstance: consultar_info_covid_api.load_data_redshift scheduled__2023-10-12T00:00:00+00:00 [queued]>
[2023-10-13 19:20:08,680] {taskinstance.py:1179} INFO - Dependencies all met for <TaskInstance: consultar_info_covid_api.load_data_redshift scheduled__2023-10-12T00:00:00+00:00 [queued]>
[2023-10-13 19:20:08,680] {taskinstance.py:1376} INFO - 
--------------------------------------------------------------------------------
[2023-10-13 19:20:08,681] {taskinstance.py:1377} INFO - Starting attempt 11 of 16
[2023-10-13 19:20:08,681] {taskinstance.py:1378} INFO - 
--------------------------------------------------------------------------------
[2023-10-13 19:20:08,692] {taskinstance.py:1397} INFO - Executing <Task(PythonOperator): load_data_redshift> on 2023-10-12 00:00:00+00:00
[2023-10-13 19:20:08,695] {standard_task_runner.py:52} INFO - Started process 194 to run task
[2023-10-13 19:20:08,697] {standard_task_runner.py:79} INFO - Running: ['***', 'tasks', 'run', 'consultar_info_covid_api', 'load_data_redshift', 'scheduled__2023-10-12T00:00:00+00:00', '--job-id', '387', '--raw', '--subdir', 'DAGS_FOLDER/api_covid.py', '--cfg-path', '/tmp/tmp9j6h4rfm', '--error-file', '/tmp/tmpcx71uxqv']
[2023-10-13 19:20:08,697] {standard_task_runner.py:80} INFO - Job 387: Subtask load_data_redshift
[2023-10-13 19:20:08,737] {task_command.py:371} INFO - Running <TaskInstance: consultar_info_covid_api.load_data_redshift scheduled__2023-10-12T00:00:00+00:00 [running]> on host 738c88afe20a
[2023-10-13 19:20:08,786] {taskinstance.py:1591} INFO - Exporting the following env vars:
AIRFLOW_CTX_DAG_OWNER=Axel Villegas Luna
AIRFLOW_CTX_DAG_ID=consultar_info_covid_api
AIRFLOW_CTX_TASK_ID=load_data_redshift
AIRFLOW_CTX_EXECUTION_DATE=2023-10-12T00:00:00+00:00
AIRFLOW_CTX_TRY_NUMBER=11
AIRFLOW_CTX_DAG_RUN_ID=scheduled__2023-10-12T00:00:00+00:00
[2023-10-13 19:20:37,887] {logging_mixin.py:115} INFO - Exito
[2023-10-13 19:20:37,888] {python.py:173} INFO - Done. Returned value was: None
[2023-10-13 19:20:37,899] {taskinstance.py:1420} INFO - Marking task as SUCCESS. dag_id=consultar_info_covid_api, task_id=load_data_redshift, execution_date=20231012T000000, start_date=20231013T192008, end_date=20231013T192037
[2023-10-13 19:20:37,915] {local_task_job.py:156} INFO - Task exited with return code 0
[2023-10-13 19:20:37,934] {local_task_job.py:273} INFO - 1 downstream tasks scheduled from follow-on schedule check
