[2023-10-03 00:02:47,236] {taskinstance.py:1179} INFO - Dependencies all met for <TaskInstance: consultar_info_covid_api.holis scheduled__2023-10-01T00:00:00+00:00 [queued]>
[2023-10-03 00:02:47,242] {taskinstance.py:1179} INFO - Dependencies all met for <TaskInstance: consultar_info_covid_api.holis scheduled__2023-10-01T00:00:00+00:00 [queued]>
[2023-10-03 00:02:47,242] {taskinstance.py:1376} INFO - 
--------------------------------------------------------------------------------
[2023-10-03 00:02:47,242] {taskinstance.py:1377} INFO - Starting attempt 1 of 6
[2023-10-03 00:02:47,243] {taskinstance.py:1378} INFO - 
--------------------------------------------------------------------------------
[2023-10-03 00:02:47,257] {taskinstance.py:1397} INFO - Executing <Task(PythonOperator): holis> on 2023-10-01 00:00:00+00:00
[2023-10-03 00:02:47,261] {standard_task_runner.py:52} INFO - Started process 196 to run task
[2023-10-03 00:02:47,262] {standard_task_runner.py:79} INFO - Running: ['***', 'tasks', 'run', 'consultar_info_covid_api', 'holis', 'scheduled__2023-10-01T00:00:00+00:00', '--job-id', '272', '--raw', '--subdir', 'DAGS_FOLDER/api_covid_prueba.py', '--cfg-path', '/tmp/tmpk7ty_mvp', '--error-file', '/tmp/tmpz5ukju_k']
[2023-10-03 00:02:47,263] {standard_task_runner.py:80} INFO - Job 272: Subtask holis
[2023-10-03 00:02:47,303] {task_command.py:371} INFO - Running <TaskInstance: consultar_info_covid_api.holis scheduled__2023-10-01T00:00:00+00:00 [running]> on host 43e21c754371
[2023-10-03 00:02:47,353] {taskinstance.py:1591} INFO - Exporting the following env vars:
AIRFLOW_CTX_DAG_OWNER=Axel Villegas Luna
AIRFLOW_CTX_DAG_ID=consultar_info_covid_api
AIRFLOW_CTX_TASK_ID=holis
AIRFLOW_CTX_EXECUTION_DATE=2023-10-01T00:00:00+00:00
AIRFLOW_CTX_TRY_NUMBER=1
AIRFLOW_CTX_DAG_RUN_ID=scheduled__2023-10-01T00:00:00+00:00
[2023-10-03 00:02:47,354] {logging_mixin.py:115} INFO - None
[2023-10-03 00:02:47,355] {logging_mixin.py:115} INFO - None
[2023-10-03 00:02:47,355] {logging_mixin.py:115} INFO - None
[2023-10-03 00:02:47,355] {logging_mixin.py:115} INFO - None
[2023-10-03 00:02:47,355] {logging_mixin.py:115} INFO - None
[2023-10-03 00:02:47,356] {python.py:173} INFO - Done. Returned value was: None
[2023-10-03 00:02:47,362] {taskinstance.py:1420} INFO - Marking task as SUCCESS. dag_id=consultar_info_covid_api, task_id=holis, execution_date=20231001T000000, start_date=20231003T000247, end_date=20231003T000247
[2023-10-03 00:02:47,394] {local_task_job.py:156} INFO - Task exited with return code 0
[2023-10-03 00:02:47,413] {local_task_job.py:273} INFO - 0 downstream tasks scheduled from follow-on schedule check
